{"/home/robsondossantosribeiro/Documentos/gamified/metro.config.js": {"path":"/home/robsondossantosribeiro/Documentos/gamified/metro.config.js","statementMap":{"0":{"start":{"line":1,"column":29},"end":{"line":1,"column":57}},"1":{"start":{"line":2,"column":27},"end":{"line":2,"column":54}},"2":{"start":{"line":4,"column":15},"end":{"line":4,"column":42}},"3":{"start":{"line":6,"column":0},"end":{"line":6,"column":74}}},"fnMap":{},"branchMap":{},"s":{"0":0,"1":0,"2":0,"3":0},"f":{},"b":{}}
,"/home/robsondossantosribeiro/Documentos/gamified/nativewind-env.d.ts": {"path":"/home/robsondossantosribeiro/Documentos/gamified/nativewind-env.d.ts","statementMap":{},"fnMap":{},"branchMap":{},"s":{},"f":{},"b":{}}
,"/home/robsondossantosribeiro/Documentos/gamified/tailwind.config.js": {"path":"/home/robsondossantosribeiro/Documentos/gamified/tailwind.config.js","statementMap":{"0":{"start":{"line":1,"column":26},"end":{"line":1,"column":53}},"1":{"start":{"line":3,"column":0},"end":{"line":71,"column":1}}},"fnMap":{},"branchMap":{},"s":{"0":0,"1":0},"f":{},"b":{}}
,"/home/robsondossantosribeiro/Documentos/gamified/components/DropdownMenu.tsx": {"path":"/home/robsondossantosribeiro/Documentos/gamified/components/DropdownMenu.tsx","statementMap":{"0":{"start":{"line":20,"column":21},"end":{"line":20,"column":47}},"1":{"start":{"line":22,"column":28},"end":{"line":22,"column":57}},"2":{"start":{"line":24,"column":26},"end":{"line":24,"column":53}},"3":{"start":{"line":26,"column":27},"end":{"line":26,"column":55}},"4":{"start":{"line":28,"column":24},"end":{"line":28,"column":49}},"5":{"start":{"line":30,"column":31},"end":{"line":30,"column":63}},"6":{"start":{"line":32,"column":31},"end":{"line":65,"column":2}},"7":{"start":{"line":38,"column":19},"end":{"line":38,"column":56}},"8":{"start":{"line":40,"column":4},"end":{"line":40,"column":73}},"9":{"start":{"line":41,"column":2},"end":{"line":64,"column":3}},"10":{"start":{"line":66,"column":0},"end":{"line":67,"column":46}},"11":{"start":{"line":69,"column":31},"end":{"line":87,"column":2}},"12":{"start":{"line":73,"column":19},"end":{"line":73,"column":56}},"13":{"start":{"line":74,"column":2},"end":{"line":86,"column":3}},"14":{"start":{"line":88,"column":0},"end":{"line":89,"column":46}},"15":{"start":{"line":91,"column":28},"end":{"line":134,"column":1}},"16":{"start":{"line":103,"column":21},"end":{"line":103,"column":59}},"17":{"start":{"line":104,"column":4},"end":{"line":132,"column":5}},"18":{"start":{"line":135,"column":0},"end":{"line":135,"column":75}},"19":{"start":{"line":137,"column":25},"end":{"line":155,"column":2}},"20":{"start":{"line":143,"column":2},"end":{"line":154,"column":30}},"21":{"start":{"line":156,"column":0},"end":{"line":156,"column":69}},"22":{"start":{"line":158,"column":33},"end":{"line":180,"column":2}},"23":{"start":{"line":162,"column":2},"end":{"line":179,"column":39}},"24":{"start":{"line":181,"column":0},"end":{"line":182,"column":48}},"25":{"start":{"line":184,"column":30},"end":{"line":205,"column":2}},"26":{"start":{"line":188,"column":2},"end":{"line":204,"column":36}},"27":{"start":{"line":206,"column":0},"end":{"line":206,"column":79}},"28":{"start":{"line":208,"column":26},"end":{"line":223,"column":2}},"29":{"start":{"line":214,"column":2},"end":{"line":222,"column":4}},"30":{"start":{"line":224,"column":0},"end":{"line":224,"column":71}},"31":{"start":{"line":226,"column":30},"end":{"line":235,"column":2}},"32":{"start":{"line":230,"column":2},"end":{"line":234,"column":4}},"33":{"start":{"line":236,"column":0},"end":{"line":236,"column":79}},"34":{"start":{"line":238,"column":29},"end":{"line":251,"column":1}},"35":{"start":{"line":242,"column":2},"end":{"line":250,"column":3}},"36":{"start":{"line":252,"column":0},"end":{"line":252,"column":57}}},"fnMap":{"0":{"name":"(anonymous_0)","decl":{"start":{"line":37,"column":2},"end":{"line":37,"column":3}},"loc":{"start":{"line":37,"column":53},"end":{"line":65,"column":1}},"line":37},"1":{"name":"(anonymous_1)","decl":{"start":{"line":72,"column":2},"end":{"line":72,"column":3}},"loc":{"start":{"line":72,"column":36},"end":{"line":87,"column":1}},"line":72},"2":{"name":"(anonymous_2)","decl":{"start":{"line":99,"column":2},"end":{"line":99,"column":3}},"loc":{"start":{"line":102,"column":7},"end":{"line":133,"column":3}},"line":102},"3":{"name":"(anonymous_3)","decl":{"start":{"line":142,"column":2},"end":{"line":142,"column":3}},"loc":{"start":{"line":143,"column":2},"end":{"line":154,"column":30}},"line":143},"4":{"name":"(anonymous_4)","decl":{"start":{"line":161,"column":2},"end":{"line":161,"column":3}},"loc":{"start":{"line":162,"column":2},"end":{"line":179,"column":39}},"line":162},"5":{"name":"(anonymous_5)","decl":{"start":{"line":187,"column":2},"end":{"line":187,"column":3}},"loc":{"start":{"line":188,"column":2},"end":{"line":204,"column":36}},"line":188},"6":{"name":"(anonymous_6)","decl":{"start":{"line":213,"column":2},"end":{"line":213,"column":3}},"loc":{"start":{"line":214,"column":2},"end":{"line":222,"column":4}},"line":214},"7":{"name":"(anonymous_7)","decl":{"start":{"line":229,"column":2},"end":{"line":229,"column":3}},"loc":{"start":{"line":230,"column":2},"end":{"line":234,"column":4}},"line":230},"8":{"name":"(anonymous_8)","decl":{"start":{"line":238,"column":29},"end":{"line":238,"column":30}},"loc":{"start":{"line":241,"column":51},"end":{"line":251,"column":1}},"line":241}},"branchMap":{"0":{"loc":{"start":{"line":40,"column":4},"end":{"line":40,"column":73}},"type":"cond-expr","locations":[{"start":{"line":40,"column":28},"end":{"line":40,"column":40}},{"start":{"line":40,"column":43},"end":{"line":40,"column":73}}],"line":40},"1":{"loc":{"start":{"line":40,"column":43},"end":{"line":40,"column":73}},"type":"cond-expr","locations":[{"start":{"line":40,"column":50},"end":{"line":40,"column":59}},{"start":{"line":40,"column":62},"end":{"line":40,"column":73}}],"line":40},"2":{"loc":{"start":{"line":45,"column":8},"end":{"line":45,"column":47}},"type":"binary-expr","locations":[{"start":{"line":45,"column":8},"end":{"line":45,"column":12}},{"start":{"line":45,"column":16},"end":{"line":45,"column":47}}],"line":45},"3":{"loc":{"start":{"line":52,"column":10},"end":{"line":52,"column":29}},"type":"binary-expr","locations":[{"start":{"line":52,"column":10},"end":{"line":52,"column":14}},{"start":{"line":52,"column":18},"end":{"line":52,"column":29}}],"line":52},"4":{"loc":{"start":{"line":53,"column":10},"end":{"line":53,"column":25}},"type":"binary-expr","locations":[{"start":{"line":53,"column":10},"end":{"line":53,"column":15}},{"start":{"line":53,"column":19},"end":{"line":53,"column":25}}],"line":53},"5":{"loc":{"start":{"line":58,"column":9},"end":{"line":60,"column":20}},"type":"cond-expr","locations":[{"start":{"line":59,"column":12},"end":{"line":59,"column":40}},{"start":{"line":60,"column":12},"end":{"line":60,"column":20}}],"line":58},"6":{"loc":{"start":{"line":79,"column":8},"end":{"line":81,"column":58}},"type":"cond-expr","locations":[{"start":{"line":80,"column":12},"end":{"line":80,"column":57}},{"start":{"line":81,"column":12},"end":{"line":81,"column":58}}],"line":79},"7":{"loc":{"start":{"line":108,"column":12},"end":{"line":115,"column":27}},"type":"cond-expr","locations":[{"start":{"line":109,"column":16},"end":{"line":112,"column":31}},{"start":{"line":113,"column":16},"end":{"line":115,"column":27}}],"line":108},"8":{"loc":{"start":{"line":110,"column":18},"end":{"line":110,"column":77}},"type":"cond-expr","locations":[{"start":{"line":110,"column":42},"end":{"line":110,"column":65}},{"start":{"line":110,"column":68},"end":{"line":110,"column":77}}],"line":110},"9":{"loc":{"start":{"line":113,"column":16},"end":{"line":115,"column":27}},"type":"cond-expr","locations":[{"start":{"line":114,"column":18},"end":{"line":114,"column":41}},{"start":{"line":115,"column":18},"end":{"line":115,"column":27}}],"line":113},"10":{"loc":{"start":{"line":123,"column":14},"end":{"line":125,"column":66}},"type":"cond-expr","locations":[{"start":{"line":124,"column":18},"end":{"line":124,"column":63}},{"start":{"line":125,"column":18},"end":{"line":125,"column":66}}],"line":123},"11":{"loc":{"start":{"line":148,"column":8},"end":{"line":148,"column":23}},"type":"binary-expr","locations":[{"start":{"line":148,"column":8},"end":{"line":148,"column":13}},{"start":{"line":148,"column":17},"end":{"line":148,"column":23}}],"line":148},"12":{"loc":{"start":{"line":149,"column":8},"end":{"line":149,"column":62}},"type":"binary-expr","locations":[{"start":{"line":149,"column":8},"end":{"line":149,"column":22}},{"start":{"line":149,"column":26},"end":{"line":149,"column":62}}],"line":149},"13":{"loc":{"start":{"line":166,"column":6},"end":{"line":166,"column":60}},"type":"binary-expr","locations":[{"start":{"line":166,"column":6},"end":{"line":166,"column":20}},{"start":{"line":166,"column":24},"end":{"line":166,"column":60}}],"line":166},"14":{"loc":{"start":{"line":178,"column":5},"end":{"line":178,"column":77}},"type":"cond-expr","locations":[{"start":{"line":178,"column":38},"end":{"line":178,"column":66}},{"start":{"line":178,"column":69},"end":{"line":178,"column":77}}],"line":178},"15":{"loc":{"start":{"line":192,"column":6},"end":{"line":192,"column":60}},"type":"binary-expr","locations":[{"start":{"line":192,"column":6},"end":{"line":192,"column":20}},{"start":{"line":192,"column":24},"end":{"line":192,"column":60}}],"line":192},"16":{"loc":{"start":{"line":203,"column":5},"end":{"line":203,"column":77}},"type":"cond-expr","locations":[{"start":{"line":203,"column":38},"end":{"line":203,"column":66}},{"start":{"line":203,"column":69},"end":{"line":203,"column":77}}],"line":203},"17":{"loc":{"start":{"line":218,"column":6},"end":{"line":218,"column":21}},"type":"binary-expr","locations":[{"start":{"line":218,"column":6},"end":{"line":218,"column":11}},{"start":{"line":218,"column":15},"end":{"line":218,"column":21}}],"line":218}},"s":{"0":0,"1":0,"2":0,"3":0,"4":0,"5":0,"6":0,"7":0,"8":0,"9":0,"10":0,"11":0,"12":0,"13":0,"14":0,"15":0,"16":0,"17":0,"18":0,"19":0,"20":0,"21":0,"22":0,"23":0,"24":0,"25":0,"26":0,"27":0,"28":0,"29":0,"30":0,"31":0,"32":0,"33":0,"34":0,"35":0,"36":0},"f":{"0":0,"1":0,"2":0,"3":0,"4":0,"5":0,"6":0,"7":0,"8":0},"b":{"0":[0,0],"1":[0,0],"2":[0,0],"3":[0,0],"4":[0,0],"5":[0,0],"6":[0,0],"7":[0,0],"8":[0,0],"9":[0,0],"10":[0,0],"11":[0,0],"12":[0,0],"13":[0,0],"14":[0,0],"15":[0,0],"16":[0,0],"17":[0,0]}}
,"/home/robsondossantosribeiro/Documentos/gamified/src/@types/app.d.ts": {"path":"/home/robsondossantosribeiro/Documentos/gamified/src/@types/app.d.ts","statementMap":{},"fnMap":{},"branchMap":{},"s":{},"f":{},"b":{}}
,"/home/robsondossantosribeiro/Documentos/gamified/src/@types/png.d.ts": {"path":"/home/robsondossantosribeiro/Documentos/gamified/src/@types/png.d.ts","statementMap":{},"fnMap":{},"branchMap":{},"s":{},"f":{},"b":{}}
,"/home/robsondossantosribeiro/Documentos/gamified/src/@types/styled.d.ts": {"path":"/home/robsondossantosribeiro/Documentos/gamified/src/@types/styled.d.ts","statementMap":{},"fnMap":{},"branchMap":{},"s":{},"f":{},"b":{}}
,"/home/robsondossantosribeiro/Documentos/gamified/src/@types/svg.d.ts": {"path":"/home/robsondossantosribeiro/Documentos/gamified/src/@types/svg.d.ts","statementMap":{},"fnMap":{},"branchMap":{},"s":{},"f":{},"b":{}}
,"/home/robsondossantosribeiro/Documentos/gamified/src/Routes/Types.ts": {"path":"/home/robsondossantosribeiro/Documentos/gamified/src/Routes/Types.ts","statementMap":{},"fnMap":{},"branchMap":{},"s":{},"f":{},"b":{}}
,"/home/robsondossantosribeiro/Documentos/gamified/src/Routes/Protected-route/protected.route.tsx": {"path":"/home/robsondossantosribeiro/Documentos/gamified/src/Routes/Protected-route/protected.route.tsx","statementMap":{"0":{"start":{"line":5,"column":22},"end":{"line":5,"column":52}},"1":{"start":{"line":6,"column":19},"end":{"line":6,"column":28}},"2":{"start":{"line":9,"column":26},"end":{"line":9,"column":30}},"3":{"start":{"line":10,"column":22},"end":{"line":10,"column":33}},"4":{"start":{"line":11,"column":19},"end":{"line":11,"column":32}},"5":{"start":{"line":13,"column":42},"end":{"line":13,"column":56}},"6":{"start":{"line":15,"column":2},"end":{"line":25,"column":42}},"7":{"start":{"line":16,"column":4},"end":{"line":18,"column":5}},"8":{"start":{"line":17,"column":6},"end":{"line":17,"column":48}},"9":{"start":{"line":17,"column":32},"end":{"line":17,"column":48}},"10":{"start":{"line":20,"column":4},"end":{"line":22,"column":5}},"11":{"start":{"line":21,"column":6},"end":{"line":21,"column":40}},"12":{"start":{"line":21,"column":28},"end":{"line":21,"column":40}},"13":{"start":{"line":24,"column":4},"end":{"line":24,"column":26}},"14":{"start":{"line":27,"column":2},"end":{"line":27,"column":38}},"15":{"start":{"line":27,"column":20},"end":{"line":27,"column":38}},"16":{"start":{"line":29,"column":2},"end":{"line":29,"column":24}}},"fnMap":{"0":{"name":"ProtectRouter","decl":{"start":{"line":8,"column":16},"end":{"line":8,"column":29}},"loc":{"start":{"line":8,"column":69},"end":{"line":30,"column":1}},"line":8},"1":{"name":"(anonymous_1)","decl":{"start":{"line":15,"column":12},"end":{"line":15,"column":13}},"loc":{"start":{"line":15,"column":18},"end":{"line":25,"column":3}},"line":15}},"branchMap":{"0":{"loc":{"start":{"line":16,"column":4},"end":{"line":18,"column":5}},"type":"if","locations":[{"start":{"line":16,"column":4},"end":{"line":18,"column":5}},{"start":{},"end":{}}],"line":16},"1":{"loc":{"start":{"line":16,"column":8},"end":{"line":16,"column":60}},"type":"binary-expr","locations":[{"start":{"line":16,"column":8},"end":{"line":16,"column":24}},{"start":{"line":16,"column":28},"end":{"line":16,"column":60}}],"line":16},"2":{"loc":{"start":{"line":17,"column":6},"end":{"line":17,"column":48}},"type":"if","locations":[{"start":{"line":17,"column":6},"end":{"line":17,"column":48}},{"start":{},"end":{}}],"line":17},"3":{"loc":{"start":{"line":20,"column":4},"end":{"line":22,"column":5}},"type":"if","locations":[{"start":{"line":20,"column":4},"end":{"line":22,"column":5}},{"start":{},"end":{}}],"line":20},"4":{"loc":{"start":{"line":20,"column":8},"end":{"line":20,"column":56}},"type":"binary-expr","locations":[{"start":{"line":20,"column":8},"end":{"line":20,"column":23}},{"start":{"line":20,"column":27},"end":{"line":20,"column":56}}],"line":20},"5":{"loc":{"start":{"line":21,"column":6},"end":{"line":21,"column":40}},"type":"if","locations":[{"start":{"line":21,"column":6},"end":{"line":21,"column":40}},{"start":{},"end":{}}],"line":21},"6":{"loc":{"start":{"line":27,"column":2},"end":{"line":27,"column":38}},"type":"if","locations":[{"start":{"line":27,"column":2},"end":{"line":27,"column":38}},{"start":{},"end":{}}],"line":27}},"s":{"0":0,"1":0,"2":0,"3":0,"4":0,"5":0,"6":0,"7":0,"8":0,"9":0,"10":0,"11":0,"12":0,"13":0,"14":0,"15":0,"16":0},"f":{"0":0,"1":0},"b":{"0":[0,0],"1":[0,0],"2":[0,0],"3":[0,0],"4":[0,0],"5":[0,0],"6":[0,0]}}
,"/home/robsondossantosribeiro/Documentos/gamified/src/api/historico/get-historico.ts": {"path":"/home/robsondossantosribeiro/Documentos/gamified/src/api/historico/get-historico.ts","statementMap":{"0":{"start":{"line":25,"column":19},"end":{"line":27,"column":3}},"1":{"start":{"line":29,"column":2},"end":{"line":29,"column":22}},"2":{"start":{"line":32,"column":19},"end":{"line":34,"column":3}},"3":{"start":{"line":36,"column":2},"end":{"line":36,"column":22}}},"fnMap":{"0":{"name":"getHistorico","decl":{"start":{"line":21,"column":22},"end":{"line":21,"column":34}},"loc":{"start":{"line":24,"column":54},"end":{"line":30,"column":1}},"line":24},"1":{"name":"getHistoricoTotal","decl":{"start":{"line":31,"column":22},"end":{"line":31,"column":39}},"loc":{"start":{"line":31,"column":74},"end":{"line":37,"column":1}},"line":31}},"branchMap":{},"s":{"0":0,"1":0,"2":0,"3":0},"f":{"0":0,"1":0},"b":{}}
,"/home/robsondossantosribeiro/Documentos/gamified/src/api/ranking/get-ranking.ts": {"path":"/home/robsondossantosribeiro/Documentos/gamified/src/api/ranking/get-ranking.ts","statementMap":{"0":{"start":{"line":21,"column":19},"end":{"line":23,"column":3}},"1":{"start":{"line":25,"column":2},"end":{"line":25,"column":22}},"2":{"start":{"line":28,"column":19},"end":{"line":30,"column":3}},"3":{"start":{"line":32,"column":2},"end":{"line":32,"column":22}}},"fnMap":{"0":{"name":"getRanking","decl":{"start":{"line":17,"column":22},"end":{"line":17,"column":32}},"loc":{"start":{"line":20,"column":49},"end":{"line":26,"column":1}},"line":20},"1":{"name":"getRankingTotal","decl":{"start":{"line":27,"column":22},"end":{"line":27,"column":37}},"loc":{"start":{"line":27,"column":69},"end":{"line":33,"column":1}},"line":27}},"branchMap":{},"s":{"0":0,"1":0,"2":0,"3":0},"f":{"0":0,"1":0},"b":{}}
,"/home/robsondossantosribeiro/Documentos/gamified/src/api/store/get-store.ts": {"path":"/home/robsondossantosribeiro/Documentos/gamified/src/api/store/get-store.ts","statementMap":{"0":{"start":{"line":20,"column":19},"end":{"line":22,"column":3}},"1":{"start":{"line":24,"column":2},"end":{"line":24,"column":22}},"2":{"start":{"line":27,"column":19},"end":{"line":29,"column":3}},"3":{"start":{"line":31,"column":2},"end":{"line":31,"column":22}}},"fnMap":{"0":{"name":"getStore","decl":{"start":{"line":16,"column":22},"end":{"line":16,"column":30}},"loc":{"start":{"line":19,"column":45},"end":{"line":25,"column":1}},"line":19},"1":{"name":"getStoreTotal","decl":{"start":{"line":26,"column":22},"end":{"line":26,"column":35}},"loc":{"start":{"line":26,"column":65},"end":{"line":32,"column":1}},"line":26}},"branchMap":{},"s":{"0":0,"1":0,"2":0,"3":0},"f":{"0":0,"1":0},"b":{}}
,"/home/robsondossantosribeiro/Documentos/gamified/src/api/user/get-data.ts": {"path":"/home/robsondossantosribeiro/Documentos/gamified/src/api/user/get-data.ts","statementMap":{"0":{"start":{"line":19,"column":19},"end":{"line":21,"column":3}},"1":{"start":{"line":23,"column":2},"end":{"line":23,"column":22}}},"fnMap":{"0":{"name":"getUserData","decl":{"start":{"line":16,"column":22},"end":{"line":16,"column":33}},"loc":{"start":{"line":18,"column":51},"end":{"line":24,"column":1}},"line":18}},"branchMap":{},"s":{"0":0,"1":0},"f":{"0":0},"b":{}}
,"/home/robsondossantosribeiro/Documentos/gamified/src/app/_layout.tsx": {"path":"/home/robsondossantosribeiro/Documentos/gamified/src/app/_layout.tsx","statementMap":{"0":{"start":{"line":12,"column":38},"end":{"line":12,"column":63}},"1":{"start":{"line":14,"column":2},"end":{"line":18,"column":3}},"2":{"start":{"line":16,"column":6},"end":{"line":16,"column":31}},"3":{"start":{"line":19,"column":2},"end":{"line":19,"column":18}},"4":{"start":{"line":20,"column":2},"end":{"line":27,"column":3}}},"fnMap":{"0":{"name":"RootLayout","decl":{"start":{"line":11,"column":24},"end":{"line":11,"column":34}},"loc":{"start":{"line":11,"column":37},"end":{"line":28,"column":1}},"line":11},"1":{"name":"(anonymous_1)","decl":{"start":{"line":15,"column":16},"end":{"line":15,"column":17}},"loc":{"start":{"line":15,"column":22},"end":{"line":17,"column":5}},"line":15}},"branchMap":{},"s":{"0":0,"1":0,"2":0,"3":0,"4":0},"f":{"0":0,"1":0},"b":{}}
,"/home/robsondossantosribeiro/Documentos/gamified/src/app/(private)/_layout.tsx": {"path":"/home/robsondossantosribeiro/Documentos/gamified/src/app/(private)/_layout.tsx","statementMap":{"0":{"start":{"line":7,"column":2},"end":{"line":23,"column":3}}},"fnMap":{"0":{"name":"LayoutApp","decl":{"start":{"line":6,"column":24},"end":{"line":6,"column":33}},"loc":{"start":{"line":6,"column":36},"end":{"line":24,"column":1}},"line":6}},"branchMap":{},"s":{"0":0},"f":{"0":0},"b":{}}
,"/home/robsondossantosribeiro/Documentos/gamified/src/app/(private)/loading.tsx": {"path":"/home/robsondossantosribeiro/Documentos/gamified/src/app/(private)/loading.tsx","statementMap":{"0":{"start":{"line":6,"column":2},"end":{"line":10,"column":3}}},"fnMap":{"0":{"name":"Loading","decl":{"start":{"line":5,"column":24},"end":{"line":5,"column":31}},"loc":{"start":{"line":5,"column":34},"end":{"line":11,"column":1}},"line":5}},"branchMap":{},"s":{"0":0},"f":{"0":0},"b":{}}
,"/home/robsondossantosribeiro/Documentos/gamified/src/app/(private)/(home)/index.tsx": {"path":"/home/robsondossantosribeiro/Documentos/gamified/src/app/(private)/(home)/index.tsx","statementMap":{"0":{"start":{"line":5,"column":2},"end":{"line":9,"column":3}}},"fnMap":{"0":{"name":"Home","decl":{"start":{"line":4,"column":24},"end":{"line":4,"column":28}},"loc":{"start":{"line":4,"column":31},"end":{"line":10,"column":1}},"line":4}},"branchMap":{},"s":{"0":0},"f":{"0":0},"b":{}}
,"/home/robsondossantosribeiro/Documentos/gamified/src/app/(private)/History/index.tsx": {"path":"/home/robsondossantosribeiro/Documentos/gamified/src/app/(private)/History/index.tsx","statementMap":{"0":{"start":{"line":10,"column":42},"end":{"line":10,"column":59}},"1":{"start":{"line":12,"column":2},"end":{"line":44,"column":3}},"2":{"start":{"line":26,"column":14},"end":{"line":35,"column":15}}},"fnMap":{"0":{"name":"HistoryPage","decl":{"start":{"line":9,"column":24},"end":{"line":9,"column":35}},"loc":{"start":{"line":9,"column":38},"end":{"line":45,"column":1}},"line":9},"1":{"name":"(anonymous_1)","decl":{"start":{"line":25,"column":22},"end":{"line":25,"column":23}},"loc":{"start":{"line":25,"column":32},"end":{"line":36,"column":13}},"line":25}},"branchMap":{"0":{"loc":{"start":{"line":22,"column":11},"end":{"line":37,"column":11}},"type":"cond-expr","locations":[{"start":{"line":23,"column":12},"end":{"line":23,"column":40}},{"start":{"line":25,"column":12},"end":{"line":36,"column":14}}],"line":22},"1":{"loc":{"start":{"line":22,"column":11},"end":{"line":22,"column":30}},"type":"binary-expr","locations":[{"start":{"line":22,"column":11},"end":{"line":22,"column":16}},{"start":{"line":22,"column":20},"end":{"line":22,"column":30}}],"line":22},"2":{"loc":{"start":{"line":41,"column":9},"end":{"line":41,"column":71}},"type":"cond-expr","locations":[{"start":{"line":41,"column":32},"end":{"line":41,"column":46}},{"start":{"line":41,"column":49},"end":{"line":41,"column":71}}],"line":41}},"s":{"0":0,"1":0,"2":0},"f":{"0":0,"1":0},"b":{"0":[0,0],"1":[0,0],"2":[0,0]}}
,"/home/robsondossantosribeiro/Documentos/gamified/src/app/(private)/Profile/index.tsx": {"path":"/home/robsondossantosribeiro/Documentos/gamified/src/app/(private)/Profile/index.tsx","statementMap":{"0":{"start":{"line":5,"column":2},"end":{"line":9,"column":3}}},"fnMap":{"0":{"name":"ProfilePage","decl":{"start":{"line":4,"column":24},"end":{"line":4,"column":35}},"loc":{"start":{"line":4,"column":38},"end":{"line":10,"column":1}},"line":4}},"branchMap":{},"s":{"0":0},"f":{"0":0},"b":{}}
,"/home/robsondossantosribeiro/Documentos/gamified/src/app/(private)/Ranking/index.tsx": {"path":"/home/robsondossantosribeiro/Documentos/gamified/src/app/(private)/Ranking/index.tsx","statementMap":{"0":{"start":{"line":10,"column":31},"end":{"line":10,"column":46}},"1":{"start":{"line":12,"column":2},"end":{"line":37,"column":3}},"2":{"start":{"line":24,"column":10},"end":{"line":32,"column":11}}},"fnMap":{"0":{"name":"RankingPage","decl":{"start":{"line":9,"column":24},"end":{"line":9,"column":35}},"loc":{"start":{"line":9,"column":38},"end":{"line":38,"column":1}},"line":9},"1":{"name":"(anonymous_1)","decl":{"start":{"line":23,"column":19},"end":{"line":23,"column":20}},"loc":{"start":{"line":23,"column":29},"end":{"line":33,"column":9}},"line":23}},"branchMap":{},"s":{"0":0,"1":0,"2":0},"f":{"0":0,"1":0},"b":{}}
,"/home/robsondossantosribeiro/Documentos/gamified/src/app/(private)/Shop/index.tsx": {"path":"/home/robsondossantosribeiro/Documentos/gamified/src/app/(private)/Shop/index.tsx","statementMap":{"0":{"start":{"line":9,"column":31},"end":{"line":9,"column":44}},"1":{"start":{"line":11,"column":2},"end":{"line":37,"column":3}},"2":{"start":{"line":26,"column":12},"end":{"line":31,"column":14}}},"fnMap":{"0":{"name":"ShopPage","decl":{"start":{"line":8,"column":24},"end":{"line":8,"column":32}},"loc":{"start":{"line":8,"column":35},"end":{"line":38,"column":1}},"line":8},"1":{"name":"(anonymous_1)","decl":{"start":{"line":25,"column":19},"end":{"line":25,"column":20}},"loc":{"start":{"line":26,"column":12},"end":{"line":31,"column":14}},"line":26}},"branchMap":{"0":{"loc":{"start":{"line":20,"column":9},"end":{"line":33,"column":9}},"type":"cond-expr","locations":[{"start":{"line":21,"column":10},"end":{"line":21,"column":33}},{"start":{"line":22,"column":12},"end":{"line":33,"column":9}}],"line":20},"1":{"loc":{"start":{"line":20,"column":9},"end":{"line":20,"column":28}},"type":"binary-expr","locations":[{"start":{"line":20,"column":9},"end":{"line":20,"column":19}},{"start":{"line":20,"column":23},"end":{"line":20,"column":28}}],"line":20},"2":{"loc":{"start":{"line":22,"column":12},"end":{"line":33,"column":9}},"type":"cond-expr","locations":[{"start":{"line":23,"column":10},"end":{"line":23,"column":45}},{"start":{"line":25,"column":10},"end":{"line":32,"column":12}}],"line":22},"3":{"loc":{"start":{"line":22,"column":12},"end":{"line":22,"column":42}},"type":"binary-expr","locations":[{"start":{"line":22,"column":12},"end":{"line":22,"column":23}},{"start":{"line":22,"column":27},"end":{"line":22,"column":42}}],"line":22}},"s":{"0":0,"1":0,"2":0},"f":{"0":0,"1":0},"b":{"0":[0,0],"1":[0,0],"2":[0,0],"3":[0,0]}}
,"/home/robsondossantosribeiro/Documentos/gamified/src/app/(public)/Auth/index.tsx": {"path":"/home/robsondossantosribeiro/Documentos/gamified/src/app/(public)/Auth/index.tsx","statementMap":{"0":{"start":{"line":11,"column":2},"end":{"line":23,"column":3}}},"fnMap":{"0":{"name":"AuthPage","decl":{"start":{"line":10,"column":24},"end":{"line":10,"column":32}},"loc":{"start":{"line":10,"column":35},"end":{"line":24,"column":1}},"line":10}},"branchMap":{},"s":{"0":0},"f":{"0":0},"b":{}}
,"/home/robsondossantosribeiro/Documentos/gamified/src/assets/icons/index.ts": {"path":"/home/robsondossantosribeiro/Documentos/gamified/src/assets/icons/index.ts","statementMap":{},"fnMap":{},"branchMap":{},"s":{},"f":{},"b":{}}
,"/home/robsondossantosribeiro/Documentos/gamified/src/components/default-components/Icons-with-opacity.tsx": {"path":"/home/robsondossantosribeiro/Documentos/gamified/src/components/default-components/Icons-with-opacity.tsx","statementMap":{"0":{"start":{"line":12,"column":21},"end":{"line":12,"column":53}},"1":{"start":{"line":13,"column":2},"end":{"line":17,"column":3}}},"fnMap":{"0":{"name":"IconsWithTouchOpacity","decl":{"start":{"line":5,"column":16},"end":{"line":5,"column":37}},"loc":{"start":{"line":11,"column":3},"end":{"line":18,"column":1}},"line":11}},"branchMap":{"0":{"loc":{"start":{"line":7,"column":2},"end":{"line":7,"column":18}},"type":"default-arg","locations":[{"start":{"line":7,"column":13},"end":{"line":7,"column":18}}],"line":7},"1":{"loc":{"start":{"line":12,"column":21},"end":{"line":12,"column":53}},"type":"cond-expr","locations":[{"start":{"line":12,"column":32},"end":{"line":12,"column":41}},{"start":{"line":12,"column":44},"end":{"line":12,"column":53}}],"line":12}},"s":{"0":0,"1":0},"f":{"0":0},"b":{"0":[0],"1":[0,0]}}
,"/home/robsondossantosribeiro/Documentos/gamified/src/components/default-components/Text-with-font.tsx": {"path":"/home/robsondossantosribeiro/Documentos/gamified/src/components/default-components/Text-with-font.tsx","statementMap":{"0":{"start":{"line":5,"column":2},"end":{"line":10,"column":3}}},"fnMap":{"0":{"name":"TextWithFont","decl":{"start":{"line":4,"column":16},"end":{"line":4,"column":28}},"loc":{"start":{"line":4,"column":47},"end":{"line":11,"column":1}},"line":4}},"branchMap":{},"s":{"0":0},"f":{"0":0},"b":{}}
,"/home/robsondossantosribeiro/Documentos/gamified/src/components/default-components/Text-with-opacity-enabled.tsx": {"path":"/home/robsondossantosribeiro/Documentos/gamified/src/components/default-components/Text-with-opacity-enabled.tsx","statementMap":{"0":{"start":{"line":6,"column":2},"end":{"line":10,"column":3}}},"fnMap":{"0":{"name":"TextWithTouchOpactiy","decl":{"start":{"line":5,"column":16},"end":{"line":5,"column":36}},"loc":{"start":{"line":5,"column":55},"end":{"line":11,"column":1}},"line":5}},"branchMap":{},"s":{"0":0},"f":{"0":0},"b":{}}
,"/home/robsondossantosribeiro/Documentos/gamified/src/components/default-components/Text.ts": {"path":"/home/robsondossantosribeiro/Documentos/gamified/src/components/default-components/Text.ts","statementMap":{"0":{"start":{"line":4,"column":20},"end":{"line":9,"column":1}}},"fnMap":{},"branchMap":{},"s":{"0":0},"f":{},"b":{}}
,"/home/robsondossantosribeiro/Documentos/gamified/src/components/default-components/types.d.ts": {"path":"/home/robsondossantosribeiro/Documentos/gamified/src/components/default-components/types.d.ts","statementMap":{},"fnMap":{},"branchMap":{},"s":{},"f":{},"b":{}}
,"/home/robsondossantosribeiro/Documentos/gamified/src/components/history/card-item-history.tsx": {"path":"/home/robsondossantosribeiro/Documentos/gamified/src/components/history/card-item-history.tsx","statementMap":{"0":{"start":{"line":5,"column":29},"end":{"line":24,"column":10}},"1":{"start":{"line":41,"column":48},"end":{"line":41,"column":67}},"2":{"start":{"line":43,"column":22},"end":{"line":46,"column":3}},"3":{"start":{"line":44,"column":22},"end":{"line":44,"column":33}},"4":{"start":{"line":45,"column":4},"end":{"line":45,"column":58}},"5":{"start":{"line":48,"column":2},"end":{"line":61,"column":3}}},"fnMap":{"0":{"name":"CardItems","decl":{"start":{"line":34,"column":16},"end":{"line":34,"column":25}},"loc":{"start":{"line":40,"column":19},"end":{"line":62,"column":1}},"line":40},"1":{"name":"(anonymous_1)","decl":{"start":{"line":43,"column":22},"end":{"line":43,"column":23}},"loc":{"start":{"line":43,"column":40},"end":{"line":46,"column":3}},"line":43}},"branchMap":{},"s":{"0":0,"1":0,"2":0,"3":0,"4":0,"5":0},"f":{"0":0,"1":0},"b":{}}
,"/home/robsondossantosribeiro/Documentos/gamified/src/components/history/content-details.tsx": {"path":"/home/robsondossantosribeiro/Documentos/gamified/src/components/history/content-details.tsx","statementMap":{"0":{"start":{"line":11,"column":22},"end":{"line":11,"column":68}},"1":{"start":{"line":12,"column":2},"end":{"line":19,"column":3}}},"fnMap":{"0":{"name":"ContentDetails","decl":{"start":{"line":10,"column":16},"end":{"line":10,"column":30}},"loc":{"start":{"line":10,"column":79},"end":{"line":20,"column":1}},"line":10}},"branchMap":{"0":{"loc":{"start":{"line":11,"column":22},"end":{"line":11,"column":68}},"type":"cond-expr","locations":[{"start":{"line":11,"column":32},"end":{"line":11,"column":50}},{"start":{"line":11,"column":53},"end":{"line":11,"column":68}}],"line":11}},"s":{"0":0,"1":0},"f":{"0":0},"b":{"0":[0,0]}}
,"/home/robsondossantosribeiro/Documentos/gamified/src/components/history/navigation.tsx": {"path":"/home/robsondossantosribeiro/Documentos/gamified/src/components/history/navigation.tsx","statementMap":{"0":{"start":{"line":17,"column":6},"end":{"line":17,"column":35}},"1":{"start":{"line":19,"column":24},"end":{"line":19,"column":41}},"2":{"start":{"line":20,"column":2},"end":{"line":60,"column":3}},"3":{"start":{"line":36,"column":12},"end":{"line":42,"column":35}},"4":{"start":{"line":39,"column":29},"end":{"line":39,"column":51}}},"fnMap":{"0":{"name":"Navigation","decl":{"start":{"line":8,"column":16},"end":{"line":8,"column":26}},"loc":{"start":{"line":8,"column":29},"end":{"line":61,"column":1}},"line":8},"1":{"name":"(anonymous_1)","decl":{"start":{"line":35,"column":26},"end":{"line":35,"column":27}},"loc":{"start":{"line":36,"column":12},"end":{"line":42,"column":35}},"line":36},"2":{"name":"(anonymous_2)","decl":{"start":{"line":39,"column":23},"end":{"line":39,"column":24}},"loc":{"start":{"line":39,"column":29},"end":{"line":39,"column":51}},"line":39}},"branchMap":{"0":{"loc":{"start":{"line":25,"column":9},"end":{"line":27,"column":9}},"type":"binary-expr","locations":[{"start":{"line":25,"column":9},"end":{"line":25,"column":21}},{"start":{"line":26,"column":10},"end":{"line":26,"column":78}}],"line":25},"1":{"loc":{"start":{"line":51,"column":9},"end":{"line":57,"column":9}},"type":"binary-expr","locations":[{"start":{"line":51,"column":9},"end":{"line":51,"column":19}},{"start":{"line":51,"column":23},"end":{"line":51,"column":43}},{"start":{"line":52,"column":10},"end":{"line":56,"column":12}}],"line":51}},"s":{"0":0,"1":0,"2":0,"3":0,"4":0},"f":{"0":0,"1":0,"2":0},"b":{"0":[0,0],"1":[0,0,0]}}
,"/home/robsondossantosribeiro/Documentos/gamified/src/components/history/skeleton/card-item-skeleton.tsx": {"path":"/home/robsondossantosribeiro/Documentos/gamified/src/components/history/skeleton/card-item-skeleton.tsx","statementMap":{"0":{"start":{"line":6,"column":2},"end":{"line":17,"column":3}},"1":{"start":{"line":11,"column":10},"end":{"line":11,"column":51}}},"fnMap":{"0":{"name":"CardItemsSkeleton","decl":{"start":{"line":5,"column":16},"end":{"line":5,"column":33}},"loc":{"start":{"line":5,"column":36},"end":{"line":18,"column":1}},"line":5},"1":{"name":"(anonymous_1)","decl":{"start":{"line":10,"column":39},"end":{"line":10,"column":40}},"loc":{"start":{"line":10,"column":49},"end":{"line":12,"column":9}},"line":10}},"branchMap":{},"s":{"0":0,"1":0},"f":{"0":0,"1":0},"b":{}}
,"/home/robsondossantosribeiro/Documentos/gamified/src/components/history/skeleton/content-skeleton-content.tsx": {"path":"/home/robsondossantosribeiro/Documentos/gamified/src/components/history/skeleton/content-skeleton-content.tsx","statementMap":{"0":{"start":{"line":5,"column":2},"end":{"line":11,"column":3}},"1":{"start":{"line":8,"column":8},"end":{"line":8,"column":37}}},"fnMap":{"0":{"name":"ContentSkeletonHistorico","decl":{"start":{"line":4,"column":16},"end":{"line":4,"column":40}},"loc":{"start":{"line":4,"column":43},"end":{"line":12,"column":1}},"line":4},"1":{"name":"(anonymous_1)","decl":{"start":{"line":7,"column":37},"end":{"line":7,"column":38}},"loc":{"start":{"line":8,"column":8},"end":{"line":8,"column":37}},"line":8}},"branchMap":{},"s":{"0":0,"1":0},"f":{"0":0,"1":0},"b":{}}
,"/home/robsondossantosribeiro/Documentos/gamified/src/components/history/skeleton/details-skeleton.tsx": {"path":"/home/robsondossantosribeiro/Documentos/gamified/src/components/history/skeleton/details-skeleton.tsx","statementMap":{"0":{"start":{"line":5,"column":2},"end":{"line":10,"column":3}}},"fnMap":{"0":{"name":"ContentDetailsSkeleton","decl":{"start":{"line":4,"column":16},"end":{"line":4,"column":38}},"loc":{"start":{"line":4,"column":41},"end":{"line":11,"column":1}},"line":4}},"branchMap":{},"s":{"0":0},"f":{"0":0},"b":{}}
,"/home/robsondossantosribeiro/Documentos/gamified/src/components/history/skeleton/navigation-skeleton.tsx": {"path":"/home/robsondossantosribeiro/Documentos/gamified/src/components/history/skeleton/navigation-skeleton.tsx","statementMap":{"0":{"start":{"line":5,"column":2},"end":{"line":19,"column":3}},"1":{"start":{"line":13,"column":12},"end":{"line":13,"column":71}}},"fnMap":{"0":{"name":"NavigationSkeleton","decl":{"start":{"line":4,"column":16},"end":{"line":4,"column":34}},"loc":{"start":{"line":4,"column":37},"end":{"line":20,"column":1}},"line":4},"1":{"name":"(anonymous_1)","decl":{"start":{"line":12,"column":41},"end":{"line":12,"column":42}},"loc":{"start":{"line":12,"column":51},"end":{"line":14,"column":11}},"line":12}},"branchMap":{},"s":{"0":0,"1":0},"f":{"0":0,"1":0},"b":{}}
,"/home/robsondossantosribeiro/Documentos/gamified/src/components/home/nav/nav-button.tsx": {"path":"/home/robsondossantosribeiro/Documentos/gamified/src/components/home/nav/nav-button.tsx","statementMap":{"0":{"start":{"line":8,"column":17},"end":{"line":21,"column":10}},"1":{"start":{"line":29,"column":17},"end":{"line":29,"column":31}},"2":{"start":{"line":31,"column":19},"end":{"line":31,"column":30}},"3":{"start":{"line":33,"column":19},"end":{"line":33,"column":32}},"4":{"start":{"line":35,"column":25},"end":{"line":38,"column":3}},"5":{"start":{"line":36,"column":4},"end":{"line":36,"column":50}},"6":{"start":{"line":36,"column":44},"end":{"line":36,"column":50}},"7":{"start":{"line":37,"column":4},"end":{"line":37,"column":15}},"8":{"start":{"line":40,"column":2},"end":{"line":55,"column":3}}},"fnMap":{"0":{"name":"NavItems","decl":{"start":{"line":28,"column":16},"end":{"line":28,"column":24}},"loc":{"start":{"line":28,"column":68},"end":{"line":56,"column":1}},"line":28},"1":{"name":"(anonymous_1)","decl":{"start":{"line":35,"column":25},"end":{"line":35,"column":26}},"loc":{"start":{"line":35,"column":31},"end":{"line":38,"column":3}},"line":35}},"branchMap":{"0":{"loc":{"start":{"line":36,"column":4},"end":{"line":36,"column":50}},"type":"if","locations":[{"start":{"line":36,"column":4},"end":{"line":36,"column":50}},{"start":{},"end":{}}],"line":36},"1":{"loc":{"start":{"line":36,"column":8},"end":{"line":36,"column":42}},"type":"binary-expr","locations":[{"start":{"line":36,"column":8},"end":{"line":36,"column":14}},{"start":{"line":36,"column":18},"end":{"line":36,"column":42}}],"line":36}},"s":{"0":0,"1":0,"2":0,"3":0,"4":0,"5":0,"6":0,"7":0,"8":0},"f":{"0":0,"1":0},"b":{"0":[0,0],"1":[0,0]}}
,"/home/robsondossantosribeiro/Documentos/gamified/src/components/home/nav/navigation-home.tsx": {"path":"/home/robsondossantosribeiro/Documentos/gamified/src/components/home/nav/navigation-home.tsx","statementMap":{"0":{"start":{"line":5,"column":2},"end":{"line":11,"column":3}}},"fnMap":{"0":{"name":"NavigationHome","decl":{"start":{"line":4,"column":16},"end":{"line":4,"column":30}},"loc":{"start":{"line":4,"column":33},"end":{"line":12,"column":1}},"line":4}},"branchMap":{},"s":{"0":0},"f":{"0":0},"b":{}}
,"/home/robsondossantosribeiro/Documentos/gamified/src/components/layout/default-layout.tsx": {"path":"/home/robsondossantosribeiro/Documentos/gamified/src/components/layout/default-layout.tsx","statementMap":{"0":{"start":{"line":13,"column":2},"end":{"line":20,"column":3}}},"fnMap":{"0":{"name":"DefaultLayout","decl":{"start":{"line":12,"column":16},"end":{"line":12,"column":29}},"loc":{"start":{"line":12,"column":64},"end":{"line":21,"column":1}},"line":12}},"branchMap":{},"s":{"0":0},"f":{"0":0},"b":{}}
,"/home/robsondossantosribeiro/Documentos/gamified/src/components/layout/layout.ts": {"path":"/home/robsondossantosribeiro/Documentos/gamified/src/components/layout/layout.ts","statementMap":{"0":{"start":{"line":3,"column":31},"end":{"line":8,"column":1}}},"fnMap":{},"branchMap":{},"s":{"0":0},"f":{},"b":{}}
,"/home/robsondossantosribeiro/Documentos/gamified/src/components/profile/avatar.tsx": {"path":"/home/robsondossantosribeiro/Documentos/gamified/src/components/profile/avatar.tsx","statementMap":{"0":{"start":{"line":6,"column":2},"end":{"line":19,"column":3}}},"fnMap":{"0":{"name":"AvatarProfile","decl":{"start":{"line":5,"column":16},"end":{"line":5,"column":29}},"loc":{"start":{"line":5,"column":57},"end":{"line":20,"column":1}},"line":5}},"branchMap":{},"s":{"0":0},"f":{"0":0},"b":{}}
,"/home/robsondossantosribeiro/Documentos/gamified/src/components/profile/coins.tsx": {"path":"/home/robsondossantosribeiro/Documentos/gamified/src/components/profile/coins.tsx","statementMap":{"0":{"start":{"line":5,"column":2},"end":{"line":10,"column":3}}},"fnMap":{"0":{"name":"Coins","decl":{"start":{"line":4,"column":16},"end":{"line":4,"column":21}},"loc":{"start":{"line":4,"column":24},"end":{"line":11,"column":1}},"line":4}},"branchMap":{},"s":{"0":0},"f":{"0":0},"b":{}}
,"/home/robsondossantosribeiro/Documentos/gamified/src/components/profile/header.tsx": {"path":"/home/robsondossantosribeiro/Documentos/gamified/src/components/profile/header.tsx","statementMap":{"0":{"start":{"line":13,"column":19},"end":{"line":13,"column":31}},"1":{"start":{"line":15,"column":31},"end":{"line":15,"column":53}},"2":{"start":{"line":17,"column":2},"end":{"line":35,"column":3}}},"fnMap":{"0":{"name":"Header","decl":{"start":{"line":12,"column":16},"end":{"line":12,"column":22}},"loc":{"start":{"line":12,"column":25},"end":{"line":36,"column":1}},"line":12}},"branchMap":{"0":{"loc":{"start":{"line":24,"column":36},"end":{"line":24,"column":59}},"type":"binary-expr","locations":[{"start":{"line":24,"column":36},"end":{"line":24,"column":40}},{"start":{"line":24,"column":44},"end":{"line":24,"column":59}}],"line":24},"1":{"loc":{"start":{"line":26,"column":9},"end":{"line":30,"column":9}},"type":"cond-expr","locations":[{"start":{"line":27,"column":10},"end":{"line":27,"column":76}},{"start":{"line":29,"column":10},"end":{"line":29,"column":33}}],"line":26},"2":{"loc":{"start":{"line":33,"column":7},"end":{"line":33,"column":43}},"type":"cond-expr","locations":[{"start":{"line":33,"column":14},"end":{"line":33,"column":23}},{"start":{"line":33,"column":26},"end":{"line":33,"column":43}}],"line":33}},"s":{"0":0,"1":0,"2":0},"f":{"0":0},"b":{"0":[0,0],"1":[0,0],"2":[0,0]}}
,"/home/robsondossantosribeiro/Documentos/gamified/src/components/profile/more-details.tsx": {"path":"/home/robsondossantosribeiro/Documentos/gamified/src/components/profile/more-details.tsx","statementMap":{"0":{"start":{"line":15,"column":34},"end":{"line":15,"column":56}},"1":{"start":{"line":16,"column":2},"end":{"line":53,"column":3}},"2":{"start":{"line":56,"column":15},"end":{"line":91,"column":2}}},"fnMap":{"0":{"name":"MoreDetails","decl":{"start":{"line":14,"column":16},"end":{"line":14,"column":27}},"loc":{"start":{"line":14,"column":30},"end":{"line":54,"column":1}},"line":14}},"branchMap":{},"s":{"0":0,"1":0,"2":0},"f":{"0":0},"b":{}}
,"/home/robsondossantosribeiro/Documentos/gamified/src/components/profile/student-Card.tsx": {"path":"/home/robsondossantosribeiro/Documentos/gamified/src/components/profile/student-Card.tsx","statementMap":{"0":{"start":{"line":12,"column":2},"end":{"line":28,"column":3}}},"fnMap":{"0":{"name":"StudentCard","decl":{"start":{"line":11,"column":16},"end":{"line":11,"column":27}},"loc":{"start":{"line":11,"column":68},"end":{"line":29,"column":1}},"line":11}},"branchMap":{},"s":{"0":0},"f":{"0":0},"b":{}}
,"/home/robsondossantosribeiro/Documentos/gamified/src/components/profile/skeleton/coins-skeleton.tsx": {"path":"/home/robsondossantosribeiro/Documentos/gamified/src/components/profile/skeleton/coins-skeleton.tsx","statementMap":{"0":{"start":{"line":6,"column":2},"end":{"line":11,"column":3}}},"fnMap":{"0":{"name":"CoinsSkeleton","decl":{"start":{"line":5,"column":16},"end":{"line":5,"column":29}},"loc":{"start":{"line":5,"column":32},"end":{"line":12,"column":1}},"line":5}},"branchMap":{},"s":{"0":0},"f":{"0":0},"b":{}}
,"/home/robsondossantosribeiro/Documentos/gamified/src/components/profile/skeleton/student-Card-skeleton.tsx": {"path":"/home/robsondossantosribeiro/Documentos/gamified/src/components/profile/skeleton/student-Card-skeleton.tsx","statementMap":{"0":{"start":{"line":6,"column":2},"end":{"line":20,"column":3}}},"fnMap":{"0":{"name":"SkeletonStudentCard","decl":{"start":{"line":5,"column":16},"end":{"line":5,"column":35}},"loc":{"start":{"line":5,"column":38},"end":{"line":21,"column":1}},"line":5}},"branchMap":{},"s":{"0":0},"f":{"0":0},"b":{}}
,"/home/robsondossantosribeiro/Documentos/gamified/src/components/ranking/header.tsx": {"path":"/home/robsondossantosribeiro/Documentos/gamified/src/components/ranking/header.tsx","statementMap":{"0":{"start":{"line":5,"column":2},"end":{"line":16,"column":3}}},"fnMap":{"0":{"name":"Header","decl":{"start":{"line":4,"column":16},"end":{"line":4,"column":22}},"loc":{"start":{"line":4,"column":25},"end":{"line":17,"column":1}},"line":4}},"branchMap":{},"s":{"0":0},"f":{"0":0},"b":{}}
,"/home/robsondossantosribeiro/Documentos/gamified/src/components/ranking/navigation.tsx": {"path":"/home/robsondossantosribeiro/Documentos/gamified/src/components/ranking/navigation.tsx","statementMap":{"0":{"start":{"line":17,"column":6},"end":{"line":17,"column":33}},"1":{"start":{"line":19,"column":24},"end":{"line":19,"column":39}},"2":{"start":{"line":20,"column":2},"end":{"line":60,"column":3}},"3":{"start":{"line":36,"column":12},"end":{"line":42,"column":35}},"4":{"start":{"line":39,"column":29},"end":{"line":39,"column":51}}},"fnMap":{"0":{"name":"Navigation","decl":{"start":{"line":8,"column":16},"end":{"line":8,"column":26}},"loc":{"start":{"line":8,"column":29},"end":{"line":61,"column":1}},"line":8},"1":{"name":"(anonymous_1)","decl":{"start":{"line":35,"column":26},"end":{"line":35,"column":27}},"loc":{"start":{"line":36,"column":12},"end":{"line":42,"column":35}},"line":36},"2":{"name":"(anonymous_2)","decl":{"start":{"line":39,"column":23},"end":{"line":39,"column":24}},"loc":{"start":{"line":39,"column":29},"end":{"line":39,"column":51}},"line":39}},"branchMap":{"0":{"loc":{"start":{"line":25,"column":9},"end":{"line":27,"column":9}},"type":"binary-expr","locations":[{"start":{"line":25,"column":9},"end":{"line":25,"column":21}},{"start":{"line":26,"column":10},"end":{"line":26,"column":78}}],"line":25},"1":{"loc":{"start":{"line":51,"column":9},"end":{"line":57,"column":9}},"type":"binary-expr","locations":[{"start":{"line":51,"column":9},"end":{"line":51,"column":19}},{"start":{"line":51,"column":23},"end":{"line":51,"column":43}},{"start":{"line":52,"column":10},"end":{"line":56,"column":12}}],"line":51}},"s":{"0":0,"1":0,"2":0,"3":0,"4":0},"f":{"0":0,"1":0,"2":0},"b":{"0":[0,0],"1":[0,0,0]}}
,"/home/robsondossantosribeiro/Documentos/gamified/src/components/ranking/ranking.tsx": {"path":"/home/robsondossantosribeiro/Documentos/gamified/src/components/ranking/ranking.tsx","statementMap":{"0":{"start":{"line":5,"column":25},"end":{"line":21,"column":10}},"1":{"start":{"line":38,"column":15},"end":{"line":42,"column":3}},"2":{"start":{"line":44,"column":2},"end":{"line":71,"column":3}}},"fnMap":{"0":{"name":"RankingCard","decl":{"start":{"line":32,"column":16},"end":{"line":32,"column":27}},"loc":{"start":{"line":37,"column":21},"end":{"line":72,"column":1}},"line":37}},"branchMap":{"0":{"loc":{"start":{"line":38,"column":15},"end":{"line":42,"column":3}},"type":"binary-expr","locations":[{"start":{"line":38,"column":15},"end":{"line":38,"column":56}},{"start":{"line":38,"column":60},"end":{"line":42,"column":3}}],"line":38},"1":{"loc":{"start":{"line":49,"column":9},"end":{"line":55,"column":9}},"type":"cond-expr","locations":[{"start":{"line":50,"column":10},"end":{"line":50,"column":61}},{"start":{"line":52,"column":10},"end":{"line":54,"column":25}}],"line":49}},"s":{"0":0,"1":0,"2":0},"f":{"0":0},"b":{"0":[0,0],"1":[0,0]}}
,"/home/robsondossantosribeiro/Documentos/gamified/src/components/ranking/table.tsx": {"path":"/home/robsondossantosribeiro/Documentos/gamified/src/components/ranking/table.tsx","statementMap":{},"fnMap":{},"branchMap":{},"s":{},"f":{},"b":{}}
,"/home/robsondossantosribeiro/Documentos/gamified/src/components/screens/auth/Form.tsx": {"path":"/home/robsondossantosribeiro/Documentos/gamified/src/components/screens/auth/Form.tsx","statementMap":{"0":{"start":{"line":9,"column":58},"end":{"line":9,"column":71}},"1":{"start":{"line":11,"column":24},"end":{"line":13,"column":3}},"2":{"start":{"line":14,"column":2},"end":{"line":49,"column":3}},"3":{"start":{"line":21,"column":8},"end":{"line":34,"column":10}},"4":{"start":{"line":26,"column":12},"end":{"line":32,"column":13}}},"fnMap":{"0":{"name":"FormAuth","decl":{"start":{"line":8,"column":16},"end":{"line":8,"column":24}},"loc":{"start":{"line":8,"column":27},"end":{"line":50,"column":1}},"line":8},"1":{"name":"(anonymous_1)","decl":{"start":{"line":11,"column":24},"end":{"line":11,"column":25}},"loc":{"start":{"line":11,"column":36},"end":{"line":13,"column":3}},"line":11},"2":{"name":"(anonymous_2)","decl":{"start":{"line":20,"column":18},"end":{"line":20,"column":19}},"loc":{"start":{"line":21,"column":8},"end":{"line":34,"column":10}},"line":21},"3":{"name":"(anonymous_3)","decl":{"start":{"line":25,"column":18},"end":{"line":25,"column":19}},"loc":{"start":{"line":25,"column":33},"end":{"line":33,"column":11}},"line":25}},"branchMap":{},"s":{"0":0,"1":0,"2":0,"3":0,"4":0},"f":{"0":0,"1":0,"2":0,"3":0},"b":{}}
,"/home/robsondossantosribeiro/Documentos/gamified/src/components/screens/auth/Input-contents.tsx": {"path":"/home/robsondossantosribeiro/Documentos/gamified/src/components/screens/auth/Input-contents.tsx","statementMap":{"0":{"start":{"line":8,"column":14},"end":{"line":11,"column":10}},"1":{"start":{"line":23,"column":2},"end":{"line":31,"column":3}}},"fnMap":{"0":{"name":"InputContents","decl":{"start":{"line":18,"column":16},"end":{"line":18,"column":29}},"loc":{"start":{"line":22,"column":22},"end":{"line":32,"column":1}},"line":22}},"branchMap":{},"s":{"0":0,"1":0},"f":{"0":0},"b":{}}
,"/home/robsondossantosribeiro/Documentos/gamified/src/components/screens/auth/components.ts": {"path":"/home/robsondossantosribeiro/Documentos/gamified/src/components/screens/auth/components.ts","statementMap":{"0":{"start":{"line":6,"column":18},"end":{"line":6,"column":42}},"1":{"start":{"line":8,"column":25},"end":{"line":13,"column":1}},"2":{"start":{"line":15,"column":22},"end":{"line":20,"column":1}},"3":{"start":{"line":22,"column":31},"end":{"line":27,"column":1}},"4":{"start":{"line":29,"column":29},"end":{"line":38,"column":1}},"5":{"start":{"line":40,"column":28},"end":{"line":44,"column":1}},"6":{"start":{"line":45,"column":25},"end":{"line":54,"column":1}},"7":{"start":{"line":56,"column":33},"end":{"line":61,"column":1}},"8":{"start":{"line":63,"column":27},"end":{"line":75,"column":1}}},"fnMap":{},"branchMap":{},"s":{"0":0,"1":0,"2":0,"3":0,"4":0,"5":0,"6":0,"7":0,"8":0},"f":{},"b":{}}
,"/home/robsondossantosribeiro/Documentos/gamified/src/components/shop/Card-items.tsx": {"path":"/home/robsondossantosribeiro/Documentos/gamified/src/components/shop/Card-items.tsx","statementMap":{"0":{"start":{"line":11,"column":41},"end":{"line":11,"column":58}},"1":{"start":{"line":12,"column":2},"end":{"line":45,"column":3}}},"fnMap":{"0":{"name":"CardItems","decl":{"start":{"line":10,"column":16},"end":{"line":10,"column":25}},"loc":{"start":{"line":10,"column":72},"end":{"line":46,"column":1}},"line":10}},"branchMap":{},"s":{"0":0,"1":0},"f":{"0":0},"b":{}}
,"/home/robsondossantosribeiro/Documentos/gamified/src/components/shop/Navigation.tsx": {"path":"/home/robsondossantosribeiro/Documentos/gamified/src/components/shop/Navigation.tsx","statementMap":{"0":{"start":{"line":17,"column":6},"end":{"line":17,"column":31}},"1":{"start":{"line":19,"column":24},"end":{"line":19,"column":37}},"2":{"start":{"line":21,"column":2},"end":{"line":61,"column":3}},"3":{"start":{"line":37,"column":12},"end":{"line":43,"column":35}},"4":{"start":{"line":40,"column":29},"end":{"line":40,"column":51}}},"fnMap":{"0":{"name":"Navigation","decl":{"start":{"line":8,"column":16},"end":{"line":8,"column":26}},"loc":{"start":{"line":8,"column":29},"end":{"line":62,"column":1}},"line":8},"1":{"name":"(anonymous_1)","decl":{"start":{"line":36,"column":26},"end":{"line":36,"column":27}},"loc":{"start":{"line":37,"column":12},"end":{"line":43,"column":35}},"line":37},"2":{"name":"(anonymous_2)","decl":{"start":{"line":40,"column":23},"end":{"line":40,"column":24}},"loc":{"start":{"line":40,"column":29},"end":{"line":40,"column":51}},"line":40}},"branchMap":{"0":{"loc":{"start":{"line":26,"column":9},"end":{"line":28,"column":9}},"type":"binary-expr","locations":[{"start":{"line":26,"column":9},"end":{"line":26,"column":21}},{"start":{"line":27,"column":10},"end":{"line":27,"column":78}}],"line":26},"1":{"loc":{"start":{"line":52,"column":9},"end":{"line":58,"column":9}},"type":"binary-expr","locations":[{"start":{"line":52,"column":9},"end":{"line":52,"column":19}},{"start":{"line":52,"column":23},"end":{"line":52,"column":43}},{"start":{"line":53,"column":10},"end":{"line":57,"column":12}}],"line":52}},"s":{"0":0,"1":0,"2":0,"3":0,"4":0},"f":{"0":0,"1":0,"2":0},"b":{"0":[0,0],"1":[0,0,0]}}
,"/home/robsondossantosribeiro/Documentos/gamified/src/components/shop/skeleton/card-items-skeleton.tsx": {"path":"/home/robsondossantosribeiro/Documentos/gamified/src/components/shop/skeleton/card-items-skeleton.tsx","statementMap":{"0":{"start":{"line":6,"column":2},"end":{"line":28,"column":3}}},"fnMap":{"0":{"name":"CardItemsSkeleton","decl":{"start":{"line":5,"column":16},"end":{"line":5,"column":33}},"loc":{"start":{"line":5,"column":36},"end":{"line":29,"column":1}},"line":5}},"branchMap":{},"s":{"0":0},"f":{"0":0},"b":{}}
,"/home/robsondossantosribeiro/Documentos/gamified/src/components/shop/skeleton/content-skeleton-shop.tsx": {"path":"/home/robsondossantosribeiro/Documentos/gamified/src/components/shop/skeleton/content-skeleton-shop.tsx","statementMap":{"0":{"start":{"line":5,"column":2},"end":{"line":11,"column":3}},"1":{"start":{"line":8,"column":8},"end":{"line":8,"column":37}}},"fnMap":{"0":{"name":"ContentSkeletonShop","decl":{"start":{"line":4,"column":16},"end":{"line":4,"column":35}},"loc":{"start":{"line":4,"column":38},"end":{"line":12,"column":1}},"line":4},"1":{"name":"(anonymous_1)","decl":{"start":{"line":7,"column":37},"end":{"line":7,"column":38}},"loc":{"start":{"line":8,"column":8},"end":{"line":8,"column":37}},"line":8}},"branchMap":{},"s":{"0":0,"1":0},"f":{"0":0,"1":0},"b":{}}
,"/home/robsondossantosribeiro/Documentos/gamified/src/components/ui/Avatar.tsx": {"path":"/home/robsondossantosribeiro/Documentos/gamified/src/components/ui/Avatar.tsx","statementMap":{"0":{"start":{"line":5,"column":28},"end":{"line":5,"column":48}},"1":{"start":{"line":6,"column":29},"end":{"line":6,"column":50}},"2":{"start":{"line":7,"column":32},"end":{"line":7,"column":56}},"3":{"start":{"line":9,"column":15},"end":{"line":21,"column":2}},"4":{"start":{"line":13,"column":2},"end":{"line":20,"column":4}},"5":{"start":{"line":22,"column":0},"end":{"line":22,"column":52}},"6":{"start":{"line":24,"column":20},"end":{"line":33,"column":2}},"7":{"start":{"line":28,"column":2},"end":{"line":32,"column":4}},"8":{"start":{"line":34,"column":0},"end":{"line":34,"column":58}},"9":{"start":{"line":36,"column":23},"end":{"line":48,"column":2}},"10":{"start":{"line":40,"column":2},"end":{"line":47,"column":4}},"11":{"start":{"line":49,"column":0},"end":{"line":49,"column":64}}},"fnMap":{"0":{"name":"(anonymous_0)","decl":{"start":{"line":12,"column":2},"end":{"line":12,"column":3}},"loc":{"start":{"line":13,"column":2},"end":{"line":20,"column":4}},"line":13},"1":{"name":"(anonymous_1)","decl":{"start":{"line":27,"column":2},"end":{"line":27,"column":3}},"loc":{"start":{"line":28,"column":2},"end":{"line":32,"column":4}},"line":28},"2":{"name":"(anonymous_2)","decl":{"start":{"line":39,"column":2},"end":{"line":39,"column":3}},"loc":{"start":{"line":40,"column":2},"end":{"line":47,"column":4}},"line":40}},"branchMap":{},"s":{"0":0,"1":0,"2":0,"3":0,"4":0,"5":0,"6":0,"7":0,"8":0,"9":0,"10":0,"11":0},"f":{"0":0,"1":0,"2":0},"b":{}}
,"/home/robsondossantosribeiro/Documentos/gamified/src/components/ui/DropdownMenu.tsx": {"path":"/home/robsondossantosribeiro/Documentos/gamified/src/components/ui/DropdownMenu.tsx","statementMap":{"0":{"start":{"line":20,"column":21},"end":{"line":20,"column":47}},"1":{"start":{"line":22,"column":28},"end":{"line":22,"column":57}},"2":{"start":{"line":24,"column":26},"end":{"line":24,"column":53}},"3":{"start":{"line":26,"column":27},"end":{"line":26,"column":55}},"4":{"start":{"line":28,"column":24},"end":{"line":28,"column":49}},"5":{"start":{"line":30,"column":31},"end":{"line":30,"column":63}},"6":{"start":{"line":32,"column":31},"end":{"line":65,"column":2}},"7":{"start":{"line":38,"column":19},"end":{"line":38,"column":56}},"8":{"start":{"line":40,"column":4},"end":{"line":40,"column":73}},"9":{"start":{"line":41,"column":2},"end":{"line":64,"column":3}},"10":{"start":{"line":66,"column":0},"end":{"line":67,"column":46}},"11":{"start":{"line":69,"column":31},"end":{"line":87,"column":2}},"12":{"start":{"line":73,"column":19},"end":{"line":73,"column":56}},"13":{"start":{"line":74,"column":2},"end":{"line":86,"column":3}},"14":{"start":{"line":88,"column":0},"end":{"line":89,"column":46}},"15":{"start":{"line":91,"column":28},"end":{"line":134,"column":1}},"16":{"start":{"line":103,"column":21},"end":{"line":103,"column":59}},"17":{"start":{"line":104,"column":4},"end":{"line":132,"column":5}},"18":{"start":{"line":135,"column":0},"end":{"line":135,"column":75}},"19":{"start":{"line":137,"column":25},"end":{"line":155,"column":2}},"20":{"start":{"line":143,"column":2},"end":{"line":154,"column":30}},"21":{"start":{"line":156,"column":0},"end":{"line":156,"column":69}},"22":{"start":{"line":158,"column":33},"end":{"line":180,"column":2}},"23":{"start":{"line":162,"column":2},"end":{"line":179,"column":39}},"24":{"start":{"line":181,"column":0},"end":{"line":182,"column":48}},"25":{"start":{"line":184,"column":30},"end":{"line":205,"column":2}},"26":{"start":{"line":188,"column":2},"end":{"line":204,"column":36}},"27":{"start":{"line":206,"column":0},"end":{"line":206,"column":79}},"28":{"start":{"line":208,"column":26},"end":{"line":223,"column":2}},"29":{"start":{"line":214,"column":2},"end":{"line":222,"column":4}},"30":{"start":{"line":224,"column":0},"end":{"line":224,"column":71}},"31":{"start":{"line":226,"column":30},"end":{"line":235,"column":2}},"32":{"start":{"line":230,"column":2},"end":{"line":234,"column":4}},"33":{"start":{"line":236,"column":0},"end":{"line":236,"column":79}},"34":{"start":{"line":238,"column":29},"end":{"line":251,"column":1}},"35":{"start":{"line":242,"column":2},"end":{"line":250,"column":3}},"36":{"start":{"line":252,"column":0},"end":{"line":252,"column":57}}},"fnMap":{"0":{"name":"(anonymous_0)","decl":{"start":{"line":37,"column":2},"end":{"line":37,"column":3}},"loc":{"start":{"line":37,"column":53},"end":{"line":65,"column":1}},"line":37},"1":{"name":"(anonymous_1)","decl":{"start":{"line":72,"column":2},"end":{"line":72,"column":3}},"loc":{"start":{"line":72,"column":36},"end":{"line":87,"column":1}},"line":72},"2":{"name":"(anonymous_2)","decl":{"start":{"line":99,"column":2},"end":{"line":99,"column":3}},"loc":{"start":{"line":102,"column":7},"end":{"line":133,"column":3}},"line":102},"3":{"name":"(anonymous_3)","decl":{"start":{"line":142,"column":2},"end":{"line":142,"column":3}},"loc":{"start":{"line":143,"column":2},"end":{"line":154,"column":30}},"line":143},"4":{"name":"(anonymous_4)","decl":{"start":{"line":161,"column":2},"end":{"line":161,"column":3}},"loc":{"start":{"line":162,"column":2},"end":{"line":179,"column":39}},"line":162},"5":{"name":"(anonymous_5)","decl":{"start":{"line":187,"column":2},"end":{"line":187,"column":3}},"loc":{"start":{"line":188,"column":2},"end":{"line":204,"column":36}},"line":188},"6":{"name":"(anonymous_6)","decl":{"start":{"line":213,"column":2},"end":{"line":213,"column":3}},"loc":{"start":{"line":214,"column":2},"end":{"line":222,"column":4}},"line":214},"7":{"name":"(anonymous_7)","decl":{"start":{"line":229,"column":2},"end":{"line":229,"column":3}},"loc":{"start":{"line":230,"column":2},"end":{"line":234,"column":4}},"line":230},"8":{"name":"(anonymous_8)","decl":{"start":{"line":238,"column":29},"end":{"line":238,"column":30}},"loc":{"start":{"line":241,"column":51},"end":{"line":251,"column":1}},"line":241}},"branchMap":{"0":{"loc":{"start":{"line":40,"column":4},"end":{"line":40,"column":73}},"type":"cond-expr","locations":[{"start":{"line":40,"column":28},"end":{"line":40,"column":40}},{"start":{"line":40,"column":43},"end":{"line":40,"column":73}}],"line":40},"1":{"loc":{"start":{"line":40,"column":43},"end":{"line":40,"column":73}},"type":"cond-expr","locations":[{"start":{"line":40,"column":50},"end":{"line":40,"column":59}},{"start":{"line":40,"column":62},"end":{"line":40,"column":73}}],"line":40},"2":{"loc":{"start":{"line":45,"column":8},"end":{"line":45,"column":47}},"type":"binary-expr","locations":[{"start":{"line":45,"column":8},"end":{"line":45,"column":12}},{"start":{"line":45,"column":16},"end":{"line":45,"column":47}}],"line":45},"3":{"loc":{"start":{"line":52,"column":10},"end":{"line":52,"column":29}},"type":"binary-expr","locations":[{"start":{"line":52,"column":10},"end":{"line":52,"column":14}},{"start":{"line":52,"column":18},"end":{"line":52,"column":29}}],"line":52},"4":{"loc":{"start":{"line":53,"column":10},"end":{"line":53,"column":25}},"type":"binary-expr","locations":[{"start":{"line":53,"column":10},"end":{"line":53,"column":15}},{"start":{"line":53,"column":19},"end":{"line":53,"column":25}}],"line":53},"5":{"loc":{"start":{"line":58,"column":9},"end":{"line":60,"column":20}},"type":"cond-expr","locations":[{"start":{"line":59,"column":12},"end":{"line":59,"column":40}},{"start":{"line":60,"column":12},"end":{"line":60,"column":20}}],"line":58},"6":{"loc":{"start":{"line":79,"column":8},"end":{"line":81,"column":58}},"type":"cond-expr","locations":[{"start":{"line":80,"column":12},"end":{"line":80,"column":57}},{"start":{"line":81,"column":12},"end":{"line":81,"column":58}}],"line":79},"7":{"loc":{"start":{"line":108,"column":12},"end":{"line":115,"column":27}},"type":"cond-expr","locations":[{"start":{"line":109,"column":16},"end":{"line":112,"column":31}},{"start":{"line":113,"column":16},"end":{"line":115,"column":27}}],"line":108},"8":{"loc":{"start":{"line":110,"column":18},"end":{"line":110,"column":77}},"type":"cond-expr","locations":[{"start":{"line":110,"column":42},"end":{"line":110,"column":65}},{"start":{"line":110,"column":68},"end":{"line":110,"column":77}}],"line":110},"9":{"loc":{"start":{"line":113,"column":16},"end":{"line":115,"column":27}},"type":"cond-expr","locations":[{"start":{"line":114,"column":18},"end":{"line":114,"column":41}},{"start":{"line":115,"column":18},"end":{"line":115,"column":27}}],"line":113},"10":{"loc":{"start":{"line":123,"column":14},"end":{"line":125,"column":66}},"type":"cond-expr","locations":[{"start":{"line":124,"column":18},"end":{"line":124,"column":63}},{"start":{"line":125,"column":18},"end":{"line":125,"column":66}}],"line":123},"11":{"loc":{"start":{"line":148,"column":8},"end":{"line":148,"column":23}},"type":"binary-expr","locations":[{"start":{"line":148,"column":8},"end":{"line":148,"column":13}},{"start":{"line":148,"column":17},"end":{"line":148,"column":23}}],"line":148},"12":{"loc":{"start":{"line":149,"column":8},"end":{"line":149,"column":62}},"type":"binary-expr","locations":[{"start":{"line":149,"column":8},"end":{"line":149,"column":22}},{"start":{"line":149,"column":26},"end":{"line":149,"column":62}}],"line":149},"13":{"loc":{"start":{"line":166,"column":6},"end":{"line":166,"column":60}},"type":"binary-expr","locations":[{"start":{"line":166,"column":6},"end":{"line":166,"column":20}},{"start":{"line":166,"column":24},"end":{"line":166,"column":60}}],"line":166},"14":{"loc":{"start":{"line":178,"column":5},"end":{"line":178,"column":77}},"type":"cond-expr","locations":[{"start":{"line":178,"column":38},"end":{"line":178,"column":66}},{"start":{"line":178,"column":69},"end":{"line":178,"column":77}}],"line":178},"15":{"loc":{"start":{"line":192,"column":6},"end":{"line":192,"column":60}},"type":"binary-expr","locations":[{"start":{"line":192,"column":6},"end":{"line":192,"column":20}},{"start":{"line":192,"column":24},"end":{"line":192,"column":60}}],"line":192},"16":{"loc":{"start":{"line":203,"column":5},"end":{"line":203,"column":77}},"type":"cond-expr","locations":[{"start":{"line":203,"column":38},"end":{"line":203,"column":66}},{"start":{"line":203,"column":69},"end":{"line":203,"column":77}}],"line":203},"17":{"loc":{"start":{"line":218,"column":6},"end":{"line":218,"column":21}},"type":"binary-expr","locations":[{"start":{"line":218,"column":6},"end":{"line":218,"column":11}},{"start":{"line":218,"column":15},"end":{"line":218,"column":21}}],"line":218}},"s":{"0":0,"1":0,"2":0,"3":0,"4":0,"5":0,"6":0,"7":0,"8":0,"9":0,"10":0,"11":0,"12":0,"13":0,"14":0,"15":0,"16":0,"17":0,"18":0,"19":0,"20":0,"21":0,"22":0,"23":0,"24":0,"25":0,"26":0,"27":0,"28":0,"29":0,"30":0,"31":0,"32":0,"33":0,"34":0,"35":0,"36":0},"f":{"0":0,"1":0,"2":0,"3":0,"4":0,"5":0,"6":0,"7":0,"8":0},"b":{"0":[0,0],"1":[0,0],"2":[0,0],"3":[0,0],"4":[0,0],"5":[0,0],"6":[0,0],"7":[0,0],"8":[0,0],"9":[0,0],"10":[0,0],"11":[0,0],"12":[0,0],"13":[0,0],"14":[0,0],"15":[0,0],"16":[0,0],"17":[0,0]}}
,"/home/robsondossantosribeiro/Documentos/gamified/src/components/ui/Skeleton.tsx": {"path":"/home/robsondossantosribeiro/Documentos/gamified/src/components/ui/Skeleton.tsx","statementMap":{"0":{"start":{"line":11,"column":17},"end":{"line":11,"column":21}},"1":{"start":{"line":17,"column":13},"end":{"line":17,"column":30}},"2":{"start":{"line":19,"column":2},"end":{"line":24,"column":8}},"3":{"start":{"line":20,"column":4},"end":{"line":23,"column":5}},"4":{"start":{"line":26,"column":16},"end":{"line":28,"column":5}},"5":{"start":{"line":26,"column":40},"end":{"line":28,"column":3}},"6":{"start":{"line":30,"column":2},"end":{"line":36,"column":3}}},"fnMap":{"0":{"name":"Skeleton","decl":{"start":{"line":13,"column":9},"end":{"line":13,"column":17}},"loc":{"start":{"line":16,"column":66},"end":{"line":37,"column":1}},"line":16},"1":{"name":"(anonymous_1)","decl":{"start":{"line":19,"column":12},"end":{"line":19,"column":13}},"loc":{"start":{"line":19,"column":18},"end":{"line":24,"column":3}},"line":19},"2":{"name":"(anonymous_2)","decl":{"start":{"line":26,"column":33},"end":{"line":26,"column":34}},"loc":{"start":{"line":26,"column":40},"end":{"line":28,"column":3}},"line":26}},"branchMap":{},"s":{"0":0,"1":0,"2":0,"3":0,"4":0,"5":0,"6":0},"f":{"0":0,"1":0,"2":0},"b":{}}
,"/home/robsondossantosribeiro/Documentos/gamified/src/components/ui/Text.ts": {"path":"/home/robsondossantosribeiro/Documentos/gamified/src/components/ui/Text.ts","statementMap":{"0":{"start":{"line":3,"column":32},"end":{"line":3,"column":76}}},"fnMap":{},"branchMap":{},"s":{"0":0},"f":{},"b":{}}
,"/home/robsondossantosribeiro/Documentos/gamified/src/components/ui/actions.button.ts": {"path":"/home/robsondossantosribeiro/Documentos/gamified/src/components/ui/actions.button.ts","statementMap":{"0":{"start":{"line":3,"column":28},"end":{"line":10,"column":1}}},"fnMap":{},"branchMap":{},"s":{"0":0},"f":{},"b":{}}
,"/home/robsondossantosribeiro/Documentos/gamified/src/database/MMKV/hooks/use-state-profile.tsx": {"path":"/home/robsondossantosribeiro/Documentos/gamified/src/database/MMKV/hooks/use-state-profile.tsx","statementMap":{"0":{"start":{"line":11,"column":16},"end":{"line":11,"column":43}},"1":{"start":{"line":14,"column":2},"end":{"line":40,"column":8}},"2":{"start":{"line":15,"column":33},"end":{"line":32,"column":5}},"3":{"start":{"line":22,"column":6},"end":{"line":31,"column":7}},"4":{"start":{"line":34,"column":32},"end":{"line":38,"column":5}},"5":{"start":{"line":35,"column":19},"end":{"line":35,"column":44}},"6":{"start":{"line":37,"column":6},"end":{"line":37,"column":43}},"7":{"start":{"line":39,"column":4},"end":{"line":39,"column":56}}},"fnMap":{"0":{"name":"useDatabaseMMkV","decl":{"start":{"line":13,"column":16},"end":{"line":13,"column":31}},"loc":{"start":{"line":13,"column":34},"end":{"line":41,"column":1}},"line":13},"1":{"name":"(anonymous_1)","decl":{"start":{"line":14,"column":17},"end":{"line":14,"column":18}},"loc":{"start":{"line":14,"column":23},"end":{"line":40,"column":3}},"line":14},"2":{"name":"(anonymous_2)","decl":{"start":{"line":15,"column":33},"end":{"line":15,"column":34}},"loc":{"start":{"line":21,"column":33},"end":{"line":32,"column":5}},"line":21},"3":{"name":"(anonymous_3)","decl":{"start":{"line":34,"column":32},"end":{"line":34,"column":33}},"loc":{"start":{"line":34,"column":68},"end":{"line":38,"column":5}},"line":34}},"branchMap":{"0":{"loc":{"start":{"line":37,"column":13},"end":{"line":37,"column":43}},"type":"cond-expr","locations":[{"start":{"line":37,"column":20},"end":{"line":37,"column":36}},{"start":{"line":37,"column":39},"end":{"line":37,"column":43}}],"line":37}},"s":{"0":0,"1":0,"2":0,"3":0,"4":0,"5":0,"6":0,"7":0},"f":{"0":0,"1":0,"2":0,"3":0},"b":{"0":[0,0]}}
,"/home/robsondossantosribeiro/Documentos/gamified/src/database/asyncStorage/saveUser.ts": {"path":"/home/robsondossantosribeiro/Documentos/gamified/src/database/asyncStorage/saveUser.ts","statementMap":{"0":{"start":{"line":18,"column":2},"end":{"line":36,"column":3}},"1":{"start":{"line":19,"column":25},"end":{"line":19,"column":65}},"2":{"start":{"line":21,"column":22},"end":{"line":21,"column":66}},"3":{"start":{"line":23,"column":4},"end":{"line":29,"column":5}},"4":{"start":{"line":31,"column":4},"end":{"line":31,"column":73}},"5":{"start":{"line":33,"column":4},"end":{"line":33,"column":59}},"6":{"start":{"line":35,"column":4},"end":{"line":35,"column":63}}},"fnMap":{"0":{"name":"saveUserDatabase","decl":{"start":{"line":11,"column":22},"end":{"line":11,"column":38}},"loc":{"start":{"line":17,"column":26},"end":{"line":37,"column":1}},"line":17}},"branchMap":{"0":{"loc":{"start":{"line":21,"column":22},"end":{"line":21,"column":66}},"type":"cond-expr","locations":[{"start":{"line":21,"column":37},"end":{"line":21,"column":61}},{"start":{"line":21,"column":64},"end":{"line":21,"column":66}}],"line":21},"1":{"loc":{"start":{"line":24,"column":11},"end":{"line":24,"column":33}},"type":"binary-expr","locations":[{"start":{"line":24,"column":11},"end":{"line":24,"column":14}},{"start":{"line":24,"column":18},"end":{"line":24,"column":33}}],"line":24},"2":{"loc":{"start":{"line":25,"column":13},"end":{"line":25,"column":39}},"type":"binary-expr","locations":[{"start":{"line":25,"column":13},"end":{"line":25,"column":18}},{"start":{"line":25,"column":22},"end":{"line":25,"column":39}}],"line":25},"3":{"loc":{"start":{"line":26,"column":12},"end":{"line":26,"column":36}},"type":"binary-expr","locations":[{"start":{"line":26,"column":12},"end":{"line":26,"column":16}},{"start":{"line":26,"column":20},"end":{"line":26,"column":36}}],"line":26},"4":{"loc":{"start":{"line":27,"column":13},"end":{"line":27,"column":39}},"type":"binary-expr","locations":[{"start":{"line":27,"column":13},"end":{"line":27,"column":18}},{"start":{"line":27,"column":22},"end":{"line":27,"column":39}}],"line":27},"5":{"loc":{"start":{"line":28,"column":10},"end":{"line":28,"column":30}},"type":"binary-expr","locations":[{"start":{"line":28,"column":10},"end":{"line":28,"column":12}},{"start":{"line":28,"column":16},"end":{"line":28,"column":30}}],"line":28}},"s":{"0":0,"1":0,"2":0,"3":0,"4":0,"5":0,"6":0},"f":{"0":0},"b":{"0":[0,0],"1":[0,0],"2":[0,0],"3":[0,0],"4":[0,0],"5":[0,0]}}
,"/home/robsondossantosribeiro/Documentos/gamified/src/database/asyncStorage/hooks/use-async-stora.ts": {"path":"/home/robsondossantosribeiro/Documentos/gamified/src/database/asyncStorage/hooks/use-async-stora.ts","statementMap":{"0":{"start":{"line":10,"column":4},"end":{"line":20,"column":5}},"1":{"start":{"line":11,"column":27},"end":{"line":11,"column":67}},"2":{"start":{"line":13,"column":6},"end":{"line":15,"column":7}},"3":{"start":{"line":14,"column":8},"end":{"line":14,"column":39}},"4":{"start":{"line":16,"column":6},"end":{"line":16,"column":17}},"5":{"start":{"line":18,"column":6},"end":{"line":18,"column":42}},"6":{"start":{"line":19,"column":6},"end":{"line":19,"column":17}},"7":{"start":{"line":23,"column":33},"end":{"line":61,"column":3}},"8":{"start":{"line":30,"column":29},"end":{"line":30,"column":58}},"9":{"start":{"line":32,"column":4},"end":{"line":60,"column":5}},"10":{"start":{"line":33,"column":6},"end":{"line":39,"column":8}},"11":{"start":{"line":41,"column":6},"end":{"line":59,"column":7}},"12":{"start":{"line":48,"column":8},"end":{"line":57,"column":9}},"13":{"start":{"line":58,"column":8},"end":{"line":58,"column":35}},"14":{"start":{"line":64,"column":4},"end":{"line":69,"column":5}},"15":{"start":{"line":65,"column":6},"end":{"line":65,"column":49}},"16":{"start":{"line":66,"column":6},"end":{"line":66,"column":47}},"17":{"start":{"line":68,"column":6},"end":{"line":68,"column":49}},"18":{"start":{"line":73,"column":4},"end":{"line":94,"column":5}},"19":{"start":{"line":74,"column":21},"end":{"line":74,"column":50}},"20":{"start":{"line":76,"column":25},"end":{"line":76,"column":44}},"21":{"start":{"line":78,"column":6},"end":{"line":89,"column":7}},"22":{"start":{"line":79,"column":8},"end":{"line":84,"column":9}},"23":{"start":{"line":86,"column":8},"end":{"line":88,"column":9}},"24":{"start":{"line":91,"column":6},"end":{"line":91,"column":23}},"25":{"start":{"line":93,"column":6},"end":{"line":93,"column":17}},"26":{"start":{"line":98,"column":4},"end":{"line":119,"column":5}},"27":{"start":{"line":99,"column":21},"end":{"line":99,"column":50}},"28":{"start":{"line":101,"column":25},"end":{"line":101,"column":45}},"29":{"start":{"line":103,"column":6},"end":{"line":114,"column":7}},"30":{"start":{"line":104,"column":8},"end":{"line":109,"column":9}},"31":{"start":{"line":111,"column":8},"end":{"line":113,"column":9}},"32":{"start":{"line":116,"column":6},"end":{"line":116,"column":23}},"33":{"start":{"line":118,"column":6},"end":{"line":118,"column":17}},"34":{"start":{"line":122,"column":4},"end":{"line":143,"column":5}},"35":{"start":{"line":123,"column":21},"end":{"line":123,"column":50}},"36":{"start":{"line":125,"column":25},"end":{"line":125,"column":45}},"37":{"start":{"line":127,"column":6},"end":{"line":138,"column":7}},"38":{"start":{"line":128,"column":8},"end":{"line":133,"column":9}},"39":{"start":{"line":135,"column":8},"end":{"line":137,"column":9}},"40":{"start":{"line":140,"column":6},"end":{"line":140,"column":23}},"41":{"start":{"line":142,"column":6},"end":{"line":142,"column":17}},"42":{"start":{"line":146,"column":4},"end":{"line":167,"column":5}},"43":{"start":{"line":147,"column":21},"end":{"line":147,"column":50}},"44":{"start":{"line":149,"column":25},"end":{"line":149,"column":43}},"45":{"start":{"line":151,"column":6},"end":{"line":162,"column":7}},"46":{"start":{"line":152,"column":8},"end":{"line":157,"column":9}},"47":{"start":{"line":159,"column":8},"end":{"line":161,"column":9}},"48":{"start":{"line":164,"column":6},"end":{"line":164,"column":23}},"49":{"start":{"line":166,"column":6},"end":{"line":166,"column":17}},"50":{"start":{"line":169,"column":2},"end":{"line":177,"column":3}}},"fnMap":{"0":{"name":"useAsyncStorage","decl":{"start":{"line":8,"column":16},"end":{"line":8,"column":31}},"loc":{"start":{"line":8,"column":34},"end":{"line":178,"column":1}},"line":8},"1":{"name":"handleGetUserDataBase","decl":{"start":{"line":9,"column":17},"end":{"line":9,"column":38}},"loc":{"start":{"line":9,"column":78},"end":{"line":21,"column":3}},"line":9},"2":{"name":"(anonymous_2)","decl":{"start":{"line":23,"column":33},"end":{"line":23,"column":34}},"loc":{"start":{"line":29,"column":31},"end":{"line":61,"column":3}},"line":29},"3":{"name":"removeItemFromAsyncStorage","decl":{"start":{"line":63,"column":17},"end":{"line":63,"column":43}},"loc":{"start":{"line":63,"column":46},"end":{"line":70,"column":3}},"line":63},"4":{"name":"changerName","decl":{"start":{"line":72,"column":17},"end":{"line":72,"column":28}},"loc":{"start":{"line":72,"column":43},"end":{"line":95,"column":3}},"line":72},"5":{"name":"changerCoins","decl":{"start":{"line":97,"column":17},"end":{"line":97,"column":29}},"loc":{"start":{"line":97,"column":45},"end":{"line":120,"column":3}},"line":97},"6":{"name":"changerCargo","decl":{"start":{"line":121,"column":17},"end":{"line":121,"column":29}},"loc":{"start":{"line":121,"column":45},"end":{"line":144,"column":3}},"line":121},"7":{"name":"changer_id","decl":{"start":{"line":145,"column":17},"end":{"line":145,"column":27}},"loc":{"start":{"line":145,"column":41},"end":{"line":168,"column":3}},"line":145}},"branchMap":{"0":{"loc":{"start":{"line":13,"column":6},"end":{"line":15,"column":7}},"type":"if","locations":[{"start":{"line":13,"column":6},"end":{"line":15,"column":7}},{"start":{},"end":{}}],"line":13},"1":{"loc":{"start":{"line":32,"column":4},"end":{"line":60,"column":5}},"type":"if","locations":[{"start":{"line":32,"column":4},"end":{"line":60,"column":5}},{"start":{"line":40,"column":11},"end":{"line":60,"column":5}}],"line":32},"2":{"loc":{"start":{"line":41,"column":6},"end":{"line":59,"column":7}},"type":"if","locations":[{"start":{"line":41,"column":6},"end":{"line":59,"column":7}},{"start":{},"end":{}}],"line":41},"3":{"loc":{"start":{"line":42,"column":8},"end":{"line":46,"column":40}},"type":"binary-expr","locations":[{"start":{"line":42,"column":8},"end":{"line":42,"column":38}},{"start":{"line":43,"column":8},"end":{"line":43,"column":36}},{"start":{"line":44,"column":8},"end":{"line":44,"column":34}},{"start":{"line":45,"column":8},"end":{"line":45,"column":40}},{"start":{"line":46,"column":8},"end":{"line":46,"column":40}}],"line":42},"4":{"loc":{"start":{"line":78,"column":6},"end":{"line":89,"column":7}},"type":"if","locations":[{"start":{"line":78,"column":6},"end":{"line":89,"column":7}},{"start":{"line":85,"column":13},"end":{"line":89,"column":7}}],"line":78},"5":{"loc":{"start":{"line":78,"column":10},"end":{"line":78,"column":40}},"type":"binary-expr","locations":[{"start":{"line":78,"column":10},"end":{"line":78,"column":16}},{"start":{"line":78,"column":20},"end":{"line":78,"column":40}}],"line":78},"6":{"loc":{"start":{"line":103,"column":6},"end":{"line":114,"column":7}},"type":"if","locations":[{"start":{"line":103,"column":6},"end":{"line":114,"column":7}},{"start":{"line":110,"column":13},"end":{"line":114,"column":7}}],"line":103},"7":{"loc":{"start":{"line":103,"column":10},"end":{"line":103,"column":42}},"type":"binary-expr","locations":[{"start":{"line":103,"column":10},"end":{"line":103,"column":16}},{"start":{"line":103,"column":20},"end":{"line":103,"column":42}}],"line":103},"8":{"loc":{"start":{"line":127,"column":6},"end":{"line":138,"column":7}},"type":"if","locations":[{"start":{"line":127,"column":6},"end":{"line":138,"column":7}},{"start":{"line":134,"column":13},"end":{"line":138,"column":7}}],"line":127},"9":{"loc":{"start":{"line":127,"column":10},"end":{"line":127,"column":42}},"type":"binary-expr","locations":[{"start":{"line":127,"column":10},"end":{"line":127,"column":16}},{"start":{"line":127,"column":20},"end":{"line":127,"column":42}}],"line":127},"10":{"loc":{"start":{"line":151,"column":6},"end":{"line":162,"column":7}},"type":"if","locations":[{"start":{"line":151,"column":6},"end":{"line":162,"column":7}},{"start":{"line":158,"column":13},"end":{"line":162,"column":7}}],"line":151},"11":{"loc":{"start":{"line":151,"column":10},"end":{"line":151,"column":38}},"type":"binary-expr","locations":[{"start":{"line":151,"column":10},"end":{"line":151,"column":16}},{"start":{"line":151,"column":20},"end":{"line":151,"column":38}}],"line":151}},"s":{"0":0,"1":0,"2":0,"3":0,"4":0,"5":0,"6":0,"7":0,"8":0,"9":0,"10":0,"11":0,"12":0,"13":0,"14":0,"15":0,"16":0,"17":0,"18":0,"19":0,"20":0,"21":0,"22":0,"23":0,"24":0,"25":0,"26":0,"27":0,"28":0,"29":0,"30":0,"31":0,"32":0,"33":0,"34":0,"35":0,"36":0,"37":0,"38":0,"39":0,"40":0,"41":0,"42":0,"43":0,"44":0,"45":0,"46":0,"47":0,"48":0,"49":0,"50":0},"f":{"0":0,"1":0,"2":0,"3":0,"4":0,"5":0,"6":0,"7":0},"b":{"0":[0,0],"1":[0,0],"2":[0,0],"3":[0,0,0,0,0],"4":[0,0],"5":[0,0],"6":[0,0],"7":[0,0],"8":[0,0],"9":[0,0],"10":[0,0],"11":[0,0]}}
[...]
30}},"9":{"start":{"line":30,"column":4},"end":{"line":32,"column":5}},"10":{"start":{"line":30,"column":47},"end":{"line":30,"column":55}},"11":{"start":{"line":31,"column":13},"end":{"line":31,"column":28}},"12":{"start":{"line":35,"column":2},"end":{"line":39,"column":18}},"13":{"start":{"line":36,"column":4},"end":{"line":38,"column":5}},"14":{"start":{"line":37,"column":6},"end":{"line":37,"column":56}},"15":{"start":{"line":41,"column":2},"end":{"line":46,"column":3}}},"fnMap":{"0":{"name":"useGetStore","decl":{"start":{"line":6,"column":16},"end":{"line":6,"column":27}},"loc":{"start":{"line":6,"column":30},"end":{"line":47,"column":1}},"line":6},"1":{"name":"(anonymous_1)","decl":{"start":{"line":11,"column":13},"end":{"line":11,"column":14}},"loc":{"start":{"line":11,"column":19},"end":{"line":11,"column":44}},"line":11},"2":{"name":"(anonymous_2)","decl":{"start":{"line":23,"column":29},"end":{"line":23,"column":30}},"loc":{"start":{"line":23,"column":35},"end":{"line":25,"column":3}},"line":23},"3":{"name":"(anonymous_3)","decl":{"start":{"line":27,"column":28},"end":{"line":27,"column":29}},"loc":{"start":{"line":27,"column":34},"end":{"line":33,"column":3}},"line":27},"4":{"name":"(anonymous_4)","decl":{"start":{"line":30,"column":37},"end":{"line":30,"column":38}},"loc":{"start":{"line":30,"column":47},"end":{"line":30,"column":55}},"line":30},"5":{"name":"(anonymous_5)","decl":{"start":{"line":31,"column":6},"end":{"line":31,"column":7}},"loc":{"start":{"line":31,"column":13},"end":{"line":31,"column":28}},"line":31},"6":{"name":"(anonymous_6)","decl":{"start":{"line":35,"column":12},"end":{"line":35,"column":13}},"loc":{"start":{"line":35,"column":18},"end":{"line":39,"column":3}},"line":35}},"branchMap":{"0":{"loc":{"start":{"line":24,"column":11},"end":{"line":24,"column":64}},"type":"cond-expr","locations":[{"start":{"line":24,"column":24},"end":{"line":24,"column":60}},{"start":{"line":24,"column":63},"end":{"line":24,"column":64}}],"line":24},"1":{"loc":{"start":{"line":28,"column":4},"end":{"line":28,"column":30}},"type":"if","locations":[{"start":{"line":28,"column":4},"end":{"line":28,"column":30}},{"start":{},"end":{}}],"line":28},"2":{"loc":{"start":{"line":36,"column":4},"end":{"line":38,"column":5}},"type":"if","locations":[{"start":{"line":36,"column":4},"end":{"line":38,"column":5}},{"start":{},"end":{}}],"line":36},"3":{"loc":{"start":{"line":36,"column":8},"end":{"line":36,"column":43}},"type":"binary-expr","locations":[{"start":{"line":36,"column":8},"end":{"line":36,"column":18}},{"start":{"line":36,"column":22},"end":{"line":36,"column":43}}],"line":36}},"s":{"0":0,"1":0,"2":0,"3":0,"4":0,"5":0,"6":0,"7":0,"8":0,"9":0,"10":0,"11":0,"12":0,"13":0,"14":0,"15":0},"f":{"0":0,"1":0,"2":0,"3":0,"4":0,"5":0,"6":0},"b":{"0":[0,0],"1":[0,0],"2":[0,0],"3":[0,0]}}
,"/home/robsondossantosribeiro/Documentos/gamified/src/hooks/user/use-get-data.ts": {"path":"/home/robsondossantosribeiro/Documentos/gamified/src/hooks/user/use-get-data.ts","statementMap":{"0":{"start":{"line":8,"column":60},"end":{"line":8,"column":77}},"1":{"start":{"line":9,"column":44},"end":{"line":9,"column":59}},"2":{"start":{"line":11,"column":30},"end":{"line":20,"column":3}},"3":{"start":{"line":12,"column":19},"end":{"line":12,"column":48}},"4":{"start":{"line":14,"column":4},"end":{"line":14,"column":39}},"5":{"start":{"line":15,"column":4},"end":{"line":15,"column":29}},"6":{"start":{"line":15,"column":16},"end":{"line":15,"column":29}},"7":{"start":{"line":17,"column":20},"end":{"line":17,"column":52}},"8":{"start":{"line":19,"column":4},"end":{"line":19,"column":18}},"9":{"start":{"line":22,"column":40},"end":{"line":26,"column":4}},"10":{"start":{"line":28,"column":2},"end":{"line":39,"column":12}},"11":{"start":{"line":29,"column":4},"end":{"line":38,"column":5}},"12":{"start":{"line":30,"column":6},"end":{"line":36,"column":8}},"13":{"start":{"line":37,"column":6},"end":{"line":37,"column":28}},"14":{"start":{"line":40,"column":2},"end":{"line":44,"column":3}}},"fnMap":{"0":{"name":"useGetData","decl":{"start":{"line":7,"column":16},"end":{"line":7,"column":26}},"loc":{"start":{"line":7,"column":29},"end":{"line":45,"column":1}},"line":7},"1":{"name":"(anonymous_1)","decl":{"start":{"line":11,"column":30},"end":{"line":11,"column":31}},"loc":{"start":{"line":11,"column":42},"end":{"line":20,"column":3}},"line":11},"2":{"name":"(anonymous_2)","decl":{"start":{"line":28,"column":12},"end":{"line":28,"column":13}},"loc":{"start":{"line":28,"column":18},"end":{"line":39,"column":3}},"line":28}},"branchMap":{"0":{"loc":{"start":{"line":15,"column":4},"end":{"line":15,"column":29}},"type":"if","locations":[{"start":{"line":15,"column":4},"end":{"line":15,"column":29}},{"start":{},"end":{}}],"line":15},"1":{"loc":{"start":{"line":29,"column":4},"end":{"line":38,"column":5}},"type":"if","locations":[{"start":{"line":29,"column":4},"end":{"line":38,"column":5}},{"start":{},"end":{}}],"line":29}},"s":{"0":0,"1":0,"2":0,"3":0,"4":0,"5":0,"6":0,"7":0,"8":0,"9":0,"10":0,"11":0,"12":0,"13":0,"14":0},"f":{"0":0,"1":0,"2":0},"b":{"0":[0,0],"1":[0,0]}}
,"/home/robsondossantosribeiro/Documentos/gamified/src/lib/queryclient.ts": {"path":"/home/robsondossantosribeiro/Documentos/gamified/src/lib/queryclient.ts","statementMap":{"0":{"start":{"line":2,"column":20},"end":{"line":2,"column":37}}},"fnMap":{},"branchMap":{},"s":{"0":0},"f":{},"b":{}}
,"/home/robsondossantosribeiro/Documentos/gamified/src/lib/utils.ts": {"path":"/home/robsondossantosribeiro/Documentos/gamified/src/lib/utils.ts","statementMap":{"0":{"start":{"line":5,"column":2},"end":{"line":5,"column":33}}},"fnMap":{"0":{"name":"cn","decl":{"start":{"line":4,"column":16},"end":{"line":4,"column":18}},"loc":{"start":{"line":4,"column":44},"end":{"line":6,"column":1}},"line":4}},"branchMap":{},"s":{"0":0},"f":{"0":0},"b":{}}
,"/home/robsondossantosribeiro/Documentos/gamified/src/lib/user/axios.ts": {"path":"/home/robsondossantosribeiro/Documentos/gamified/src/lib/user/axios.ts","statementMap":{"0":{"start":{"line":2,"column":20},"end":{"line":4,"column":2}}},"fnMap":{},"branchMap":{},"s":{"0":0},"f":{},"b":{}}
,"/home/robsondossantosribeiro/Documentos/gamified/src/stores/auth/use-auth.ts": {"path":"/home/robsondossantosribeiro/Documentos/gamified/src/stores/auth/use-auth.ts","statementMap":{},"fnMap":{},"branchMap":{},"s":{},"f":{},"b":{}}
,"/home/robsondossantosribeiro/Documentos/gamified/src/stores/historico/use-state-navigation-historico.ts": {"path":"/home/robsondossantosribeiro/Documentos/gamified/src/stores/historico/use-state-navigation-historico.ts","statementMap":{"0":{"start":{"line":17,"column":43},"end":{"line":73,"column":1}},"1":{"start":{"line":18,"column":17},"end":{"line":72,"column":3}},"2":{"start":{"line":26,"column":28},"end":{"line":26,"column":33}},"3":{"start":{"line":28,"column":6},"end":{"line":34,"column":7}},"4":{"start":{"line":29,"column":8},"end":{"line":33,"column":10}},"5":{"start":{"line":38,"column":34},"end":{"line":38,"column":39}},"6":{"start":{"line":40,"column":6},"end":{"line":47,"column":7}},"7":{"start":{"line":41,"column":24},"end":{"line":41,"column":32}},"8":{"start":{"line":42,"column":8},"end":{"line":46,"column":10}},"9":{"start":{"line":51,"column":23},"end":{"line":51,"column":28}},"10":{"start":{"line":53,"column":6},"end":{"line":60,"column":7}},"11":{"start":{"line":54,"column":24},"end":{"line":54,"column":32}},"12":{"start":{"line":55,"column":8},"end":{"line":59,"column":10}},"13":{"start":{"line":63,"column":6},"end":{"line":63,"column":31}},"14":{"start":{"line":66,"column":28},"end":{"line":66,"column":33}},"15":{"start":{"line":67,"column":6},"end":{"line":67,"column":67}},"16":{"start":{"line":70,"column":6},"end":{"line":70,"column":59}}},"fnMap":{"0":{"name":"(anonymous_0)","decl":{"start":{"line":18,"column":2},"end":{"line":18,"column":3}},"loc":{"start":{"line":18,"column":17},"end":{"line":72,"column":3}},"line":18},"1":{"name":"(anonymous_1)","decl":{"start":{"line":25,"column":22},"end":{"line":25,"column":23}},"loc":{"start":{"line":25,"column":32},"end":{"line":35,"column":5}},"line":25},"2":{"name":"(anonymous_2)","decl":{"start":{"line":37,"column":14},"end":{"line":37,"column":15}},"loc":{"start":{"line":37,"column":20},"end":{"line":48,"column":5}},"line":37},"3":{"name":"(anonymous_3)","decl":{"start":{"line":50,"column":14},"end":{"line":50,"column":15}},"loc":{"start":{"line":50,"column":20},"end":{"line":61,"column":5}},"line":50},"4":{"name":"(anonymous_4)","decl":{"start":{"line":62,"column":18},"end":{"line":62,"column":19}},"loc":{"start":{"line":62,"column":29},"end":{"line":64,"column":5}},"line":62},"5":{"name":"(anonymous_5)","decl":{"start":{"line":65,"column":15},"end":{"line":65,"column":16}},"loc":{"start":{"line":65,"column":21},"end":{"line":68,"column":5}},"line":65},"6":{"name":"(anonymous_6)","decl":{"start":{"line":69,"column":17},"end":{"line":69,"column":18}},"loc":{"start":{"line":69,"column":23},"end":{"line":71,"column":5}},"line":69}},"branchMap":{"0":{"loc":{"start":{"line":28,"column":6},"end":{"line":34,"column":7}},"type":"if","locations":[{"start":{"line":28,"column":6},"end":{"line":34,"column":7}},{"start":{},"end":{}}],"line":28},"1":{"loc":{"start":{"line":28,"column":10},"end":{"line":28,"column":40}},"type":"binary-expr","locations":[{"start":{"line":28,"column":10},"end":{"line":28,"column":19}},{"start":{"line":28,"column":23},"end":{"line":28,"column":40}}],"line":28},"2":{"loc":{"start":{"line":40,"column":6},"end":{"line":47,"column":7}},"type":"if","locations":[{"start":{"line":40,"column":6},"end":{"line":47,"column":7}},{"start":{},"end":{}}],"line":40},"3":{"loc":{"start":{"line":53,"column":6},"end":{"line":60,"column":7}},"type":"if","locations":[{"start":{"line":53,"column":6},"end":{"line":60,"column":7}},{"start":{},"end":{}}],"line":53}},"s":{"0":0,"1":0,"2":0,"3":0,"4":0,"5":0,"6":0,"7":0,"8":0,"9":0,"10":0,"11":0,"12":0,"13":0,"14":0,"15":0,"16":0},"f":{"0":0,"1":0,"2":0,"3":0,"4":0,"5":0,"6":0},"b":{"0":[0,0],"1":[0,0],"2":[0,0],"3":[0,0]}}
,"/home/robsondossantosribeiro/Documentos/gamified/src/stores/profile/use-state-more-details.ts": {"path":"/home/robsondossantosribeiro/Documentos/gamified/src/stores/profile/use-state-more-details.ts","statementMap":{"0":{"start":{"line":10,"column":36},"end":{"line":15,"column":3}},"1":{"start":{"line":10,"column":76},"end":{"line":15,"column":1}},"2":{"start":{"line":12,"column":21},"end":{"line":12,"column":41}},"3":{"start":{"line":13,"column":20},"end":{"line":13,"column":39}},"4":{"start":{"line":14,"column":16},"end":{"line":14,"column":42}}},"fnMap":{"0":{"name":"(anonymous_0)","decl":{"start":{"line":10,"column":61},"end":{"line":10,"column":62}},"loc":{"start":{"line":10,"column":76},"end":{"line":15,"column":1}},"line":10},"1":{"name":"(anonymous_1)","decl":{"start":{"line":12,"column":15},"end":{"line":12,"column":16}},"loc":{"start":{"line":12,"column":21},"end":{"line":12,"column":41}},"line":12},"2":{"name":"(anonymous_2)","decl":{"start":{"line":13,"column":14},"end":{"line":13,"column":15}},"loc":{"start":{"line":13,"column":20},"end":{"line":13,"column":39}},"line":13},"3":{"name":"(anonymous_3)","decl":{"start":{"line":14,"column":10},"end":{"line":14,"column":11}},"loc":{"start":{"line":14,"column":16},"end":{"line":14,"column":42}},"line":14}},"branchMap":{},"s":{"0":0,"1":0,"2":0,"3":0,"4":0},"f":{"0":0,"1":0,"2":0,"3":0},"b":{}}
,"/home/robsondossantosribeiro/Documentos/gamified/src/stores/ranking/use-state-navigation.ts": {"path":"/home/robsondossantosribeiro/Documentos/gamified/src/stores/ranking/use-state-navigation.ts","statementMap":{"0":{"start":{"line":17,"column":41},"end":{"line":73,"column":1}},"1":{"start":{"line":18,"column":17},"end":{"line":72,"column":3}},"2":{"start":{"line":26,"column":28},"end":{"line":26,"column":33}},"3":{"start":{"line":28,"column":6},"end":{"line":34,"column":7}},"4":{"start":{"line":29,"column":8},"end":{"line":33,"column":10}},"5":{"start":{"line":38,"column":34},"end":{"line":38,"column":39}},"6":{"start":{"line":40,"column":6},"end":{"line":47,"column":7}},"7":{"start":{"line":41,"column":24},"end":{"line":41,"column":32}},"8":{"start":{"line":42,"column":8},"end":{"line":46,"column":10}},"9":{"start":{"line":51,"column":23},"end":{"line":51,"column":28}},"10":{"start":{"line":53,"column":6},"end":{"line":60,"column":7}},"11":{"start":{"line":54,"column":24},"end":{"line":54,"column":32}},"12":{"start":{"line":55,"column":8},"end":{"line":59,"column":10}},"13":{"start":{"line":63,"column":6},"end":{"line":63,"column":31}},"14":{"start":{"line":66,"column":28},"end":{"line":66,"column":33}},"15":{"start":{"line":67,"column":6},"end":{"line":67,"column":67}},"16":{"start":{"line":70,"column":6},"end":{"line":70,"column":59}}},"fnMap":{"0":{"name":"(anonymous_0)","decl":{"start":{"line":18,"column":2},"end":{"line":18,"column":3}},"loc":{"start":{"line":18,"column":17},"end":{"line":72,"column":3}},"line":18},"1":{"name":"(anonymous_1)","decl":{"start":{"line":25,"column":22},"end":{"line":25,"column":23}},"loc":{"start":{"line":25,"column":32},"end":{"line":35,"column":5}},"line":25},"2":{"name":"(anonymous_2)","decl":{"start":{"line":37,"column":14},"end":{"line":37,"column":15}},"loc":{"start":{"line":37,"column":20},"end":{"line":48,"column":5}},"line":37},"3":{"name":"(anonymous_3)","decl":{"start":{"line":50,"column":14},"end":{"line":50,"column":15}},"loc":{"start":{"line":50,"column":20},"end":{"line":61,"column":5}},"line":50},"4":{"name":"(anonymous_4)","decl":{"start":{"line":62,"column":18},"end":{"line":62,"column":19}},"loc":{"start":{"line":62,"column":29},"end":{"line":64,"column":5}},"line":62},"5":{"name":"(anonymous_5)","decl":{"start":{"line":65,"column":15},"end":{"line":65,"column":16}},"loc":{"start":{"line":65,"column":21},"end":{"line":68,"column":5}},"line":65},"6":{"name":"(anonymous_6)","decl":{"start":{"line":69,"column":17},"end":{"line":69,"column":18}},"loc":{"start":{"line":69,"column":23},"end":{"line":71,"column":5}},"line":69}},"branchMap":{"0":{"loc":{"start":{"line":28,"column":6},"end":{"line":34,"column":7}},"type":"if","locations":[{"start":{"line":28,"column":6},"end":{"line":34,"column":7}},{"start":{},"end":{}}],"line":28},"1":{"loc":{"start":{"line":28,"column":10},"end":{"line":28,"column":40}},"type":"binary-expr","locations":[{"start":{"line":28,"column":10},"end":{"line":28,"column":19}},{"start":{"line":28,"column":23},"end":{"line":28,"column":40}}],"line":28},"2":{"loc":{"start":{"line":40,"column":6},"end":{"line":47,"column":7}},"type":"if","locations":[{"start":{"line":40,"column":6},"end":{"line":47,"column":7}},{"start":{},"end":{}}],"line":40},"3":{"loc":{"start":{"line":53,"column":6},"end":{"line":60,"column":7}},"type":"if","locations":[{"start":{"line":53,"column":6},"end":{"line":60,"column":7}},{"start":{},"end":{}}],"line":53}},"s":{"0":0,"1":0,"2":0,"3":0,"4":0,"5":0,"6":0,"7":0,"8":0,"9":0,"10":0,"11":0,"12":0,"13":0,"14":0,"15":0,"16":0},"f":{"0":0,"1":0,"2":0,"3":0,"4":0,"5":0,"6":0},"b":{"0":[0,0],"1":[0,0],"2":[0,0],"3":[0,0]}}
,"/home/robsondossantosribeiro/Documentos/gamified/src/stores/store/use-state-navigation.ts": {"path":"/home/robsondossantosribeiro/Documentos/gamified/src/stores/store/use-state-navigation.ts","statementMap":{"0":{"start":{"line":17,"column":39},"end":{"line":73,"column":1}},"1":{"start":{"line":18,"column":17},"end":{"line":72,"column":3}},"2":{"start":{"line":26,"column":28},"end":{"line":26,"column":33}},"3":{"start":{"line":28,"column":6},"end":{"line":34,"column":7}},"4":{"start":{"line":29,"column":8},"end":{"line":33,"column":10}},"5":{"start":{"line":38,"column":34},"end":{"line":38,"column":39}},"6":{"start":{"line":40,"column":6},"end":{"line":47,"column":7}},"7":{"start":{"line":41,"column":24},"end":{"line":41,"column":32}},"8":{"start":{"line":42,"column":8},"end":{"line":46,"column":10}},"9":{"start":{"line":51,"column":23},"end":{"line":51,"column":28}},"10":{"start":{"line":53,"column":6},"end":{"line":60,"column":7}},"11":{"start":{"line":54,"column":24},"end":{"line":54,"column":32}},"12":{"start":{"line":55,"column":8},"end":{"line":59,"column":10}},"13":{"start":{"line":63,"column":6},"end":{"line":63,"column":31}},"14":{"start":{"line":66,"column":28},"end":{"line":66,"column":33}},"15":{"start":{"line":67,"column":6},"end":{"line":67,"column":67}},"16":{"start":{"line":70,"column":6},"end":{"line":70,"column":59}}},"fnMap":{"0":{"name":"(anonymous_0)","decl":{"start":{"line":18,"column":2},"end":{"line":18,"column":3}},"loc":{"start":{"line":18,"column":17},"end":{"line":72,"column":3}},"line":18},"1":{"name":"(anonymous_1)","decl":{"start":{"line":25,"column":22},"end":{"line":25,"column":23}},"loc":{"start":{"line":25,"column":32},"end":{"line":35,"column":5}},"line":25},"2":{"name":"(anonymous_2)","decl":{"start":{"line":37,"column":14},"end":{"line":37,"column":15}},"loc":{"start":{"line":37,"column":20},"end":{"line":48,"column":5}},"line":37},"3":{"name":"(anonymous_3)","decl":{"start":{"line":50,"column":14},"end":{"line":50,"column":15}},"loc":{"start":{"line":50,"column":20},"end":{"line":61,"column":5}},"line":50},"4":{"name":"(anonymous_4)","decl":{"start":{"line":62,"column":18},"end":{"line":62,"column":19}},"loc":{"start":{"line":62,"column":29},"end":{"line":64,"column":5}},"line":62},"5":{"name":"(anonymous_5)","decl":{"start":{"line":65,"column":15},"end":{"line":65,"column":16}},"loc":{"start":{"line":65,"column":21},"end":{"line":68,"column":5}},"line":65},"6":{"name":"(anonymous_6)","decl":{"start":{"line":69,"column":17},"end":{"line":69,"column":18}},"loc":{"start":{"line":69,"column":23},"end":{"line":71,"column":5}},"line":69}},"branchMap":{"0":{"loc":{"start":{"line":28,"column":6},"end":{"line":34,"column":7}},"type":"if","locations":[{"start":{"line":28,"column":6},"end":{"line":34,"column":7}},{"start":{},"end":{}}],"line":28},"1":{"loc":{"start":{"line":28,"column":10},"end":{"line":28,"column":40}},"type":"binary-expr","locations":[{"start":{"line":28,"column":10},"end":{"line":28,"column":19}},{"start":{"line":28,"column":23},"end":{"line":28,"column":40}}],"line":28},"2":{"loc":{"start":{"line":40,"column":6},"end":{"line":47,"column":7}},"type":"if","locations":[{"start":{"line":40,"column":6},"end":{"line":47,"column":7}},{"start":{},"end":{}}],"line":40},"3":{"loc":{"start":{"line":53,"column":6},"end":{"line":60,"column":7}},"type":"if","locations":[{"start":{"line":53,"column":6},"end":{"line":60,"column":7}},{"start":{},"end":{}}],"line":53}},"s":{"0":0,"1":0,"2":0,"3":0,"4":0,"5":0,"6":0,"7":0,"8":0,"9":0,"10":0,"11":0,"12":0,"13":0,"14":0,"15":0,"16":0},"f":{"0":0,"1":0,"2":0,"3":0,"4":0,"5":0,"6":0},"b":{"0":[0,0],"1":[0,0],"2":[0,0],"3":[0,0]}}
,"/home/robsondossantosribeiro/Documentos/gamified/src/styles/themes/colors.ts": {"path":"/home/robsondossantosribeiro/Documentos/gamified/src/styles/themes/colors.ts","statementMap":{"0":{"start":{"line":1,"column":22},"end":{"line":6,"column":1}}},"fnMap":{},"branchMap":{},"s":{"0":0},"f":{},"b":{}}
,"/home/robsondossantosribeiro/Documentos/gamified/src/styles/themes/default-theme.ts": {"path":"/home/robsondossantosribeiro/Documentos/gamified/src/styles/themes/default-theme.ts","statementMap":{"0":{"start":{"line":3,"column":21},"end":{"line":6,"column":1}}},"fnMap":{},"branchMap":{},"s":{"0":0},"f":{},"b":{}}
,"/home/robsondossantosribeiro/Documentos/gamified/src/styles/themes/font-size.ts": {"path":"/home/robsondossantosribeiro/Documentos/gamified/src/styles/themes/font-size.ts","statementMap":{"0":{"start":{"line":1,"column":24},"end":{"line":9,"column":10}}},"fnMap":{},"branchMap":{},"s":{"0":0},"f":{},"b":{}}
,"/home/robsondossantosribeiro/Documentos/gamified/src/styles/themes/index.ts": {"path":"/home/robsondossantosribeiro/Documentos/gamified/src/styles/themes/index.ts","statementMap":{},"fnMap":{},"branchMap":{},"s":{},"f":{},"b":{}}
}
