TN:
SF:metro.config.js
FNF:0
FNH:0
DA:1,0
DA:2,0
DA:4,0
DA:6,0
LF:4
LH:0
BRF:0
BRH:0
end_of_record
TN:
SF:nativewind-env.d.ts
FNF:0
FNH:0
LF:0
LH:0
BRF:0
BRH:0
end_of_record
TN:
SF:tailwind.config.js
FNF:0
FNH:0
DA:1,0
DA:3,0
LF:2
LH:0
BRF:0
BRH:0
end_of_record
TN:
SF:components/DropdownMenu.tsx
FN:37,(anonymous_0)
FN:72,(anonymous_1)
FN:99,(anonymous_2)
FN:142,(anonymous_3)
FN:161,(anonymous_4)
FN:187,(anonymous_5)
FN:213,(anonymous_6)
FN:229,(anonymous_7)
FN:238,(anonymous_8)
FNF:9
FNH:0
FNDA:0,(anonymous_0)
FNDA:0,(anonymous_1)
FNDA:0,(anonymous_2)
FNDA:0,(anonymous_3)
FNDA:0,(anonymous_4)
FNDA:0,(anonymous_5)
FNDA:0,(anonymous_6)
FNDA:0,(anonymous_7)
FNDA:0,(anonymous_8)
DA:20,0
DA:22,0
DA:24,0
DA:26,0
DA:28,0
DA:30,0
DA:32,0
DA:38,0
DA:40,0
DA:41,0
DA:66,0
DA:69,0
DA:73,0
DA:74,0
DA:88,0
DA:91,0
DA:103,0
DA:104,0
DA:135,0
DA:137,0
DA:143,0
DA:156,0
DA:158,0
DA:162,0
DA:181,0
DA:184,0
DA:188,0
DA:206,0
DA:208,0
DA:214,0
DA:224,0
DA:226,0
DA:230,0
DA:236,0
DA:238,0
DA:242,0
DA:252,0
LF:37
LH:0
BRDA:40,0,0,0
BRDA:40,0,1,0
BRDA:40,1,0,0
BRDA:40,1,1,0
BRDA:45,2,0,0
BRDA:45,2,1,0
BRDA:52,3,0,0
BRDA:52,3,1,0
BRDA:53,4,0,0
BRDA:53,4,1,0
BRDA:58,5,0,0
BRDA:58,5,1,0
BRDA:79,6,0,0
BRDA:79,6,1,0
BRDA:108,7,0,0
BRDA:108,7,1,0
BRDA:110,8,0,0
BRDA:110,8,1,0
BRDA:113,9,0,0
BRDA:113,9,1,0
BRDA:123,10,0,0
BRDA:123,10,1,0
BRDA:148,11,0,0
BRDA:148,11,1,0
BRDA:149,12,0,0
BRDA:149,12,1,0
BRDA:166,13,0,0
BRDA:166,13,1,0
BRDA:178,14,0,0
BRDA:178,14,1,0
BRDA:192,15,0,0
BRDA:192,15,1,0
BRDA:203,16,0,0
BRDA:203,16,1,0
BRDA:218,17,0,0
BRDA:218,17,1,0
BRF:36
BRH:0
end_of_record
TN:
SF:src/@types/app.d.ts
FNF:0
FNH:0
LF:0
LH:0
BRF:0
BRH:0
end_of_record
TN:
SF:src/@types/png.d.ts
FNF:0
FNH:0
LF:0
LH:0
BRF:0
BRH:0
end_of_record
TN:
SF:src/@types/styled.d.ts
FNF:0
FNH:0
LF:0
LH:0
BRF:0
BRH:0
end_of_record
TN:
SF:src/@types/svg.d.ts
FNF:0
FNH:0
LF:0
LH:0
BRF:0
BRH:0
end_of_record
TN:
SF:src/Routes/Types.ts
FNF:0
FNH:0
LF:0
LH:0
BRF:0
BRH:0
end_of_record
TN:
SF:src/Routes/Protected-route/protected.route.tsx
FN:8,ProtectRouter
FN:15,(anonymous_1)
FNF:2
FNH:0
FNDA:0,ProtectRouter
FNDA:0,(anonymous_1)
DA:5,0
DA:6,0
DA:9,0
DA:10,0
DA:11,0
DA:13,0
DA:15,0
DA:16,0
DA:17,0
DA:20,0
DA:21,0
DA:24,0
DA:27,0
DA:29,0
LF:14
LH:0
BRDA:16,0,0,0
BRDA:16,0,1,0
BRDA:16,1,0,0
BRDA:16,1,1,0
BRDA:17,2,0,0
BRDA:17,2,1,0
BRDA:20,3,0,0
BRDA:20,3,1,0
BRDA:20,4,0,0
BRDA:20,4,1,0
BRDA:21,5,0,0
BRDA:21,5,1,0
BRDA:27,6,0,0
BRDA:27,6,1,0
BRF:14
BRH:0
end_of_record
TN:
SF:src/api/historico/get-historico.ts
FN:21,getHistorico
FN:31,getHistoricoTotal
FNF:2
FNH:0
FNDA:0,getHistorico
FNDA:0,getHistoricoTotal
DA:25,0
DA:29,0
DA:32,0
DA:36,0
LF:4
LH:0
BRF:0
BRH:0
end_of_record
TN:
SF:src/api/ranking/get-ranking.ts
FN:17,getRanking
FN:27,getRankingTotal
FNF:2
FNH:0
FNDA:0,getRanking
FNDA:0,getRankingTotal
DA:21,0
DA:25,0
DA:28,0
DA:32,0
LF:4
LH:0
BRF:0
BRH:0
end_of_record
TN:
SF:src/api/store/get-store.ts
FN:16,getStore
FN:26,getStoreTotal
FNF:2
FNH:0
FNDA:0,getStore
FNDA:0,getStoreTotal
DA:20,0
DA:24,0
DA:27,0
DA:31,0
LF:4
LH:0
BRF:0
BRH:0
end_of_record
TN:
SF:src/api/user/get-data.ts
FN:16,getUserData
FNF:1
FNH:0
FNDA:0,getUserData
DA:19,0
DA:23,0
LF:2
LH:0
BRF:0
BRH:0
end_of_record
TN:
SF:src/app/_layout.tsx
FN:11,RootLayout
FN:15,(anonymous_1)
FNF:2
FNH:0
FNDA:0,RootLayout
FNDA:0,(anonymous_1)
DA:12,0
DA:14,0
DA:16,0
DA:19,0
DA:20,0
LF:5
LH:0
BRF:0
BRH:0
end_of_record
TN:
SF:src/app/(private)/_layout.tsx
FN:6,LayoutApp
FNF:1
FNH:0
FNDA:0,LayoutApp
DA:7,0
LF:1
LH:0
BRF:0
BRH:0
end_of_record
TN:
SF:src/app/(private)/loading.tsx
FN:5,Loading
FNF:1
FNH:0
FNDA:0,Loading
DA:6,0
LF:1
LH:0
BRF:0
BRH:0
end_of_record
TN:
SF:src/app/(private)/(home)/index.tsx
FN:4,Home
FNF:1
FNH:0
FNDA:0,Home
DA:5,0
LF:1
LH:0
BRF:0
BRH:0
end_of_record
TN:
SF:src/app/(private)/History/index.tsx
FN:9,HistoryPage
FN:25,(anonymous_1)
FNF:2
FNH:0
FNDA:0,HistoryPage
FNDA:0,(anonymous_1)
DA:10,0
DA:12,0
DA:26,0
LF:3
LH:0
BRDA:22,0,0,0
BRDA:22,0,1,0
BRDA:22,1,0,0
BRDA:22,1,1,0
BRDA:41,2,0,0
BRDA:41,2,1,0
BRF:6
BRH:0
end_of_record
TN:
SF:src/app/(private)/Profile/index.tsx
FN:4,ProfilePage
FNF:1
FNH:0
FNDA:0,ProfilePage
DA:5,0
LF:1
LH:0
BRF:0
BRH:0
end_of_record
TN:
SF:src/app/(private)/Ranking/index.tsx
FN:9,RankingPage
FN:23,(anonymous_1)
FNF:2
FNH:0
FNDA:0,RankingPage
FNDA:0,(anonymous_1)
DA:10,0
DA:12,0
DA:24,0
LF:3
LH:0
BRF:0
BRH:0
end_of_record
TN:
SF:src/app/(private)/Shop/index.tsx
FN:8,ShopPage
FN:25,(anonymous_1)
FNF:2
FNH:0
FNDA:0,ShopPage
FNDA:0,(anonymous_1)
DA:9,0
DA:11,0
DA:26,0
LF:3
LH:0
BRDA:20,0,0,0
BRDA:20,0,1,0
BRDA:20,1,0,0
BRDA:20,1,1,0
BRDA:22,2,0,0
BRDA:22,2,1,0
BRDA:22,3,0,0
BRDA:22,3,1,0
BRF:8
BRH:0
end_of_record
TN:
SF:src/app/(public)/Auth/index.tsx
FN:10,AuthPage
FNF:1
FNH:0
FNDA:0,AuthPage
DA:11,0
LF:1
LH:0
BRF:0
BRH:0
end_of_record
TN:
SF:src/assets/icons/index.ts
FNF:0
FNH:0
LF:0
LH:0
BRF:0
BRH:0
end_of_record
TN:
SF:src/components/default-components/Icons-with-opacity.tsx
FN:5,IconsWithTouchOpacity
FNF:1
FNH:0
FNDA:0,IconsWithTouchOpacity
DA:12,0
DA:13,0
LF:2
LH:0
BRDA:7,0,0,0
BRDA:12,1,0,0
BRDA:12,1,1,0
BRF:3
BRH:0
end_of_record
TN:
SF:src/components/default-components/Text-with-font.tsx
FN:4,TextWithFont
FNF:1
FNH:0
FNDA:0,TextWithFont
DA:5,0
LF:1
LH:0
BRF:0
BRH:0
end_of_record
TN:
SF:src/components/default-components/Text-with-opacity-enabled.tsx
FN:5,TextWithTouchOpactiy
FNF:1
FNH:0
FNDA:0,TextWithTouchOpactiy
DA:6,0
LF:1
LH:0
BRF:0
BRH:0
end_of_record
TN:
SF:src/components/default-components/Text.ts
FNF:0
FNH:0
DA:4,0
LF:1
LH:0
BRF:0
BRH:0
end_of_record
TN:
SF:src/components/default-components/types.d.ts
FNF:0
FNH:0
LF:0
LH:0
BRF:0
BRH:0
end_of_record
TN:
SF:src/components/history/card-item-history.tsx
FN:34,CardItems
FN:43,(anonymous_1)
FNF:2
FNH:0
FNDA:0,CardItems
FNDA:0,(anonymous_1)
DA:5,0
DA:41,0
DA:43,0
DA:44,0
DA:45,0
DA:48,0
LF:6
LH:0
BRF:0
BRH:0
end_of_record
TN:
SF:src/components/history/content-details.tsx
FN:10,ContentDetails
FNF:1
FNH:0
FNDA:0,ContentDetails
DA:11,0
DA:12,0
LF:2
LH:0
BRDA:11,0,0,0
BRDA:11,0,1,0
BRF:2
BRH:0
end_of_record
TN:
SF:src/components/history/navigation.tsx
FN:8,Navigation
FN:35,(anonymous_1)
FN:39,(anonymous_2)
FNF:3
FNH:0
FNDA:0,Navigation
FNDA:0,(anonymous_1)
FNDA:0,(anonymous_2)
DA:17,0
DA:19,0
DA:20,0
DA:36,0
DA:39,0
LF:5
LH:0
BRDA:25,0,0,0
BRDA:25,0,1,0
BRDA:51,1,0,0
BRDA:51,1,1,0
BRDA:51,1,2,0
BRF:5
BRH:0
end_of_record
TN:
SF:src/components/history/skeleton/card-item-skeleton.tsx
FN:5,CardItemsSkeleton
FN:10,(anonymous_1)
FNF:2
FNH:0
FNDA:0,CardItemsSkeleton
FNDA:0,(anonymous_1)
DA:6,0
DA:11,0
LF:2
LH:0
BRF:0
BRH:0
end_of_record
TN:
SF:src/components/history/skeleton/content-skeleton-content.tsx
FN:4,ContentSkeletonHistorico
FN:7,(anonymous_1)
FNF:2
FNH:0
FNDA:0,ContentSkeletonHistorico
FNDA:0,(anonymous_1)
DA:5,0
DA:8,0
LF:2
LH:0
BRF:0
BRH:0
end_of_record
TN:
SF:src/components/history/skeleton/details-skeleton.tsx
FN:4,ContentDetailsSkeleton
FNF:1
FNH:0
FNDA:0,ContentDetailsSkeleton
DA:5,0
LF:1
LH:0
BRF:0
BRH:0
end_of_record
TN:
SF:src/components/history/skeleton/navigation-skeleton.tsx
FN:4,NavigationSkeleton
FN:12,(anonymous_1)
FNF:2
FNH:0
FNDA:0,NavigationSkeleton
FNDA:0,(anonymous_1)
DA:5,0
DA:13,0
LF:2
LH:0
BRF:0
BRH:0
end_of_record
TN:
SF:src/components/home/nav/nav-button.tsx
FN:28,NavItems
FN:35,(anonymous_1)
FNF:2
FNH:0
FNDA:0,NavItems
FNDA:0,(anonymous_1)
DA:8,0
DA:29,0
DA:31,0
DA:33,0
DA:35,0
DA:36,0
DA:37,0
DA:40,0
LF:8
LH:0
BRDA:36,0,0,0
BRDA:36,0,1,0
BRDA:36,1,0,0
BRDA:36,1,1,0
BRF:4
BRH:0
end_of_record
TN:
SF:src/components/home/nav/navigation-home.tsx
FN:4,NavigationHome
FNF:1
FNH:0
FNDA:0,NavigationHome
DA:5,0
LF:1
LH:0
BRF:0
BRH:0
end_of_record
TN:
SF:src/components/layout/default-layout.tsx
FN:12,DefaultLayout
FNF:1
FNH:0
FNDA:0,DefaultLayout
DA:13,0
LF:1
LH:0
BRF:0
BRH:0
end_of_record
TN:
SF:src/components/layout/layout.ts
FNF:0
FNH:0
DA:3,0
LF:1
LH:0
BRF:0
BRH:0
end_of_record
TN:
SF:src/components/profile/avatar.tsx
FN:5,AvatarProfile
FNF:1
FNH:0
FNDA:0,AvatarProfile
DA:6,0
LF:1
LH:0
BRF:0
BRH:0
end_of_record
TN:
SF:src/components/profile/coins.tsx
FN:4,Coins
FNF:1
FNH:0
FNDA:0,Coins
DA:5,0
LF:1
LH:0
BRF:0
BRH:0
end_of_record
TN:
SF:src/components/profile/header.tsx
FN:12,Header
FNF:1
FNH:0
FNDA:0,Header
DA:13,0
DA:15,0
DA:17,0
LF:3
LH:0
BRDA:24,0,0,0
BRDA:24,0,1,0
BRDA:26,1,0,0
BRDA:26,1,1,0
BRDA:33,2,0,0
BRDA:33,2,1,0
BRF:6
BRH:0
end_of_record
TN:
SF:src/components/profile/more-details.tsx
FN:14,MoreDetails
FNF:1
FNH:0
FNDA:0,MoreDetails
DA:15,0
DA:16,0
DA:56,0
LF:3
LH:0
BRF:0
BRH:0
end_of_record
TN:
SF:src/components/profile/student-Card.tsx
FN:11,StudentCard
FNF:1
FNH:0
FNDA:0,StudentCard
DA:12,0
LF:1
LH:0
BRF:0
BRH:0
end_of_record
TN:
SF:src/components/profile/skeleton/coins-skeleton.tsx
FN:5,CoinsSkeleton
FNF:1
FNH:0
FNDA:0,CoinsSkeleton
DA:6,0
LF:1
LH:0
BRF:0
BRH:0
end_of_record
TN:
SF:src/components/profile/skeleton/student-Card-skeleton.tsx
FN:5,SkeletonStudentCard
FNF:1
FNH:0
FNDA:0,SkeletonStudentCard
DA:6,0
LF:1
LH:0
BRF:0
BRH:0
end_of_record
TN:
SF:src/components/ranking/header.tsx
FN:4,Header
FNF:1
FNH:0
FNDA:0,Header
DA:5,0
LF:1
LH:0
BRF:0
BRH:0
end_of_record
TN:
SF:src/components/ranking/navigation.tsx
FN:8,Navigation
FN:35,(anonymous_1)
FN:39,(anonymous_2)
FNF:3
FNH:0
FNDA:0,Navigation
FNDA:0,(anonymous_1)
FNDA:0,(anonymous_2)
DA:17,0
DA:19,0
DA:20,0
DA:36,0
DA:39,0
LF:5
LH:0
BRDA:25,0,0,0
BRDA:25,0,1,0
BRDA:51,1,0,0
BRDA:51,1,1,0
BRDA:51,1,2,0
BRF:5
BRH:0
end_of_record
TN:
SF:src/components/ranking/ranking.tsx
FN:32,RankingCard
FNF:1
FNH:0
FNDA:0,RankingCard
DA:5,0
DA:38,0
DA:44,0
LF:3
LH:0
BRDA:38,0,0,0
BRDA:38,0,1,0
BRDA:49,1,0,0
BRDA:49,1,1,0
BRF:4
BRH:0
end_of_record
TN:
SF:src/components/ranking/table.tsx
FNF:0
FNH:0
LF:0
LH:0
BRF:0
BRH:0
end_of_record
TN:
SF:src/components/screens/auth/Form.tsx
FN:8,FormAuth
FN:11,(anonymous_1)
FN:20,(anonymous_2)
FN:25,(anonymous_3)
FNF:4
FNH:0
FNDA:0,FormAuth
FNDA:0,(anonymous_1)
FNDA:0,(anonymous_2)
FNDA:0,(anonymous_3)
DA:9,0
DA:11,0
DA:14,0
DA:21,0
DA:26,0
LF:5
LH:0
BRF:0
BRH:0
end_of_record
TN:
SF:src/components/screens/auth/Input-contents.tsx
FN:18,InputContents
FNF:1
FNH:0
FNDA:0,InputContents
DA:8,0
DA:23,0
LF:2
LH:0
BRF:0
BRH:0
end_of_record
TN:
SF:src/components/screens/auth/components.ts
FNF:0
FNH:0
DA:6,0
DA:8,0
DA:15,0
DA:22,0
DA:29,0
DA:40,0
DA:45,0
DA:56,0
DA:63,0
LF:9
LH:0
BRF:0
BRH:0
end_of_record
TN:
SF:src/components/shop/Card-items.tsx
FN:10,CardItems
FNF:1
FNH:0
FNDA:0,CardItems
DA:11,0
DA:12,0
LF:2
LH:0
BRF:0
BRH:0
end_of_record
TN:
SF:src/components/shop/Navigation.tsx
FN:8,Navigation
FN:36,(anonymous_1)
FN:40,(anonymous_2)
FNF:3
FNH:0
FNDA:0,Navigation
FNDA:0,(anonymous_1)
FNDA:0,(anonymous_2)
DA:17,0
DA:19,0
DA:21,0
DA:37,0
DA:40,0
LF:5
LH:0
BRDA:26,0,0,0
BRDA:26,0,1,0
BRDA:52,1,0,0
BRDA:52,1,1,0
BRDA:52,1,2,0
BRF:5
BRH:0
end_of_record
TN:
SF:src/components/shop/skeleton/card-items-skeleton.tsx
FN:5,CardItemsSkeleton
FNF:1
FNH:0
FNDA:0,CardItemsSkeleton
DA:6,0
LF:1
LH:0
BRF:0
BRH:0
end_of_record
TN:
SF:src/components/shop/skeleton/content-skeleton-shop.tsx
FN:4,ContentSkeletonShop
FN:7,(anonymous_1)
FNF:2
FNH:0
FNDA:0,ContentSkeletonShop
FNDA:0,(anonymous_1)
DA:5,0
DA:8,0
LF:2
LH:0
BRF:0
BRH:0
end_of_record
TN:
SF:src/components/ui/Avatar.tsx
FN:12,(anonymous_0)
FN:27,(anonymous_1)
FN:39,(anonymous_2)
FNF:3
FNH:0
FNDA:0,(anonymous_0)
FNDA:0,(anonymous_1)
FNDA:0,(anonymous_2)
DA:5,0
DA:6,0
DA:7,0
DA:9,0
DA:13,0
DA:22,0
DA:24,0
DA:28,0
DA:34,0
DA:36,0
DA:40,0
DA:49,0
LF:12
LH:0
BRF:0
BRH:0
end_of_record
TN:
SF:src/components/ui/DropdownMenu.tsx
FN:37,(anonymous_0)
FN:72,(anonymous_1)
FN:99,(anonymous_2)
FN:142,(anonymous_3)
FN:161,(anonymous_4)
FN:187,(anonymous_5)
FN:213,(anonymous_6)
FN:229,(anonymous_7)
FN:238,(anonymous_8)
FNF:9
FNH:0
FNDA:0,(anonymous_0)
FNDA:0,(anonymous_1)
FNDA:0,(anonymous_2)
FNDA:0,(anonymous_3)
FNDA:0,(anonymous_4)
FNDA:0,(anonymous_5)
FNDA:0,(anonymous_6)
FNDA:0,(anonymous_7)
FNDA:0,(anonymous_8)
DA:20,0
DA:22,0
DA:24,0
DA:26,0
DA:28,0
DA:30,0
DA:32,0
DA:38,0
DA:40,0
DA:41,0
DA:66,0
DA:69,0
DA:73,0
DA:74,0
DA:88,0
DA:91,0
DA:103,0
DA:104,0
DA:135,0
DA:137,0
DA:143,0
DA:156,0
DA:158,0
DA:162,0
DA:181,0
DA:184,0
DA:188,0
DA:206,0
DA:208,0
DA:214,0
DA:224,0
DA:226,0
DA:230,0
DA:236,0
DA:238,0
DA:242,0
DA:252,0
LF:37
LH:0
BRDA:40,0,0,0
BRDA:40,0,1,0
BRDA:40,1,0,0
BRDA:40,1,1,0
BRDA:45,2,0,0
BRDA:45,2,1,0
BRDA:52,3,0,0
BRDA:52,3,1,0
BRDA:53,4,0,0
BRDA:53,4,1,0
BRDA:58,5,0,0
BRDA:58,5,1,0
BRDA:79,6,0,0
BRDA:79,6,1,0
BRDA:108,7,0,0
BRDA:108,7,1,0
BRDA:110,8,0,0
BRDA:110,8,1,0
BRDA:113,9,0,0
BRDA:113,9,1,0
BRDA:123,10,0,0
BRDA:123,10,1,0
BRDA:148,11,0,0
BRDA:148,11,1,0
BRDA:149,12,0,0
BRDA:149,12,1,0
BRDA:166,13,0,0
BRDA:166,13,1,0
BRDA:178,14,0,0
BRDA:178,14,1,0
BRDA:192,15,0,0
BRDA:192,15,1,0
BRDA:203,16,0,0
BRDA:203,16,1,0
BRDA:218,17,0,0
BRDA:218,17,1,0
BRF:36
BRH:0
end_of_record
TN:
SF:src/components/ui/Skeleton.tsx
FN:13,Skeleton
FN:19,(anonymous_1)
FN:26,(anonymous_2)
FNF:3
FNH:0
FNDA:0,Skeleton
FNDA:0,(anonymous_1)
FNDA:0,(anonymous_2)
DA:11,0
DA:17,0
DA:19,0
DA:20,0
DA:26,0
DA:30,0
LF:6
LH:0
BRF:0
BRH:0
end_of_record
TN:
SF:src/components/ui/Text.ts
FNF:0
FNH:0
DA:3,0
LF:1
LH:0
BRF:0
BRH:0
end_of_record
TN:
SF:src/components/ui/actions.button.ts
FNF:0
FNH:0
DA:3,0
LF:1
LH:0
BRF:0
BRH:0
end_of_record
TN:
SF:src/database/MMKV/hooks/use-state-profile.tsx
FN:13,useDatabaseMMkV
FN:14,(anonymous_1)
FN:15,(anonymous_2)
FN:34,(anonymous_3)
FNF:4
FNH:0
FNDA:0,useDatabaseMMkV
FNDA:0,(anonymous_1)
FNDA:0,(anonymous_2)
FNDA:0,(anonymous_3)
DA:11,0
DA:14,0
DA:15,0
DA:22,0
DA:34,0
DA:35,0
DA:37,0
DA:39,0
LF:8
LH:0
BRDA:37,0,0,0
BRDA:37,0,1,0
BRF:2
BRH:0
end_of_record
TN:
SF:src/database/asyncStorage/saveUser.ts
FN:11,saveUserDatabase
FNF:1
FNH:0
FNDA:0,saveUserDatabase
DA:18,0
DA:19,0
DA:21,0
DA:23,0
DA:31,0
DA:33,0
DA:35,0
LF:7
LH:0
BRDA:21,0,0,0
BRDA:21,0,1,0
BRDA:24,1,0,0
BRDA:24,1,1,0
BRDA:25,2,0,0
BRDA:25,2,1,0
BRDA:26,3,0,0
BRDA:26,3,1,0
BRDA:27,4,0,0
BRDA:27,4,1,0
BRDA:28,5,0,0
BRDA:28,5,1,0
BRF:12
BRH:0
end_of_record
TN:
SF:src/database/asyncStorage/hooks/use-async-stora.ts
FN:8,useAsyncStorage
FN:9,handleGetUserDataBase
FN:23,(anonymous_2)
FN:63,removeItemFromAsyncStorage
FN:72,changerName
FN:97,changerCoins
FN:121,changerCargo
FN:145,changer_id
FNF:8
FNH:0
FNDA:0,useAsyncStorage
FNDA:0,handleGetUserDataBase
FNDA:0,(anonymous_2)
FNDA:0,removeItemFromAsyncStorage
FNDA:0,changerName
FNDA:0,changerCoins
FNDA:0,changerCargo
FNDA:0,changer_id
DA:10,0
DA:11,0
DA:13,0
DA:14,0
DA:16,0
DA:18,0
DA:19,0
DA:23,0
DA:30,0
DA:32,0
DA:33,0
DA:41,0
DA:48,0
DA:58,0
DA:64,0
DA:65,0
DA:66,0
DA:68,0
DA:73,0
DA:74,0
DA:76,0
DA:78,0
DA:79,0
DA:86,0
DA:91,0
DA:93,0
DA:98,0
DA:99,0
DA:101,0
DA:103,0
DA:104,0
DA:111,0
DA:116,0
DA:118,0
DA:122,0
DA:123,0
DA:125,0
DA:127,0
DA:128,0
DA:135,0
DA:140,0
DA:142,0
DA:146,0
DA:147,0
DA:149,0
DA:151,0
DA:152,0
DA:159,0
DA:164,0
DA:166,0
DA:169,0
LF:51
LH:0
BRDA:13,0,0,0
BRDA:13,0,1,0
BRDA:32,1,0,0
BRDA:32,1,1,0
BRDA:41,2,0,0
BRDA:41,2,1,0
BRDA:42,3,0,0
BRDA:42,3,1,0
BRDA:42,3,2,0
BRDA:42,3,3,0
BRDA:42,3,4,0
BRDA:78,4,0,0
BRDA:78,4,1,0
BRDA:78,5,0,0
BRDA:78,5,1,0
BRDA:103,6,0,0
BRDA:103,6,1,0
BRDA:103,7,0,0
BRDA:103,7,1,0
BRDA:127,8,0,0
BRDA:127,8,1,0
BRDA:127,9,0,0
BRDA:127,9,1,0
BRDA:151,10,0,0
BRDA:151,10,1,0
BRDA:151,11,0,0
BRDA:151,11,1,0
BRF:27
BRH:0
end_of_record
TN:
SF:src/hooks/use-custom-fonts.ts
FN:4,(anonymous_0)
FNF:1
FNH:0
FNDA:0,(anonymous_0)
DA:4,0
DA:5,0
DA:9,0
LF:3
LH:0
BRF:0
BRH:0
end_of_record
TN:
SF:src/hooks/auth/form.ts
FN:11,useFormAuth
FNF:1
FNH:0
FNDA:0,useFormAuth
DA:4,0
DA:16,0
DA:20,0
DA:25,0
LF:4
LH:0
BRF:0
BRH:0
end_of_record
TN:
SF:src/hooks/historico/use-get-historico.ts
FN:6,useGetHistorico
FN:11,(anonymous_1)
FN:23,(anonymous_2)
FN:27,(anonymous_3)
FN:29,(anonymous_4)
FN:30,(anonymous_5)
FN:34,(anonymous_6)
FNF:7
FNH:0
FNDA:0,useGetHistorico
FNDA:0,(anonymous_1)
FNDA:0,(anonymous_2)
FNDA:0,(anonymous_3)
FNDA:0,(anonymous_4)
FNDA:0,(anonymous_5)
FNDA:0,(anonymous_6)
DA:7,0
DA:9,0
DA:11,0
DA:16,0
DA:23,0
DA:24,0
DA:27,0
DA:28,0
DA:29,0
DA:30,0
DA:34,0
DA:35,0
DA:36,0
DA:40,0
LF:14
LH:0
BRDA:24,0,0,0
BRDA:24,0,1,0
BRDA:28,1,0,0
BRDA:28,1,1,0
BRDA:35,2,0,0
BRDA:35,2,1,0
BRDA:35,3,0,0
BRDA:35,3,1,0
BRF:8
BRH:0
end_of_record
TN:
SF:src/hooks/ranking/use-get-ranking.ts
FN:6,useGetRanking
FN:11,(anonymous_1)
FN:23,(anonymous_2)
FN:27,(anonymous_3)
FN:29,(anonymous_4)
FN:30,(anonymous_5)
FN:34,(anonymous_6)
FNF:7
FNH:0
FNDA:0,useGetRanking
FNDA:0,(anonymous_1)
FNDA:0,(anonymous_2)
FNDA:0,(anonymous_3)
FNDA:0,(anonymous_4)
FNDA:0,(anonymous_5)
FNDA:0,(anonymous_6)
DA:7,0
DA:9,0
DA:11,0
DA:16,0
DA:23,0
DA:24,0
DA:27,0
DA:28,0
DA:29,0
DA:30,0
DA:34,0
DA:35,0
DA:36,0
DA:40,0
LF:14
LH:0
BRDA:24,0,0,0
BRDA:24,0,1,0
BRDA:28,1,0,0
BRDA:28,1,1,0
BRDA:35,2,0,0
BRDA:35,2,1,0
BRDA:35,3,0,0
BRDA:35,3,1,0
BRF:8
BRH:0
end_of_record
TN:
SF:src/hooks/segurage/use-locale-authentication.ts
FN:4,useLocaleAuthentication
FN:5,(anonymous_1)
FN:9,(anonymous_2)
FN:16,(anonymous_3)
FNF:4
FNH:0
FNDA:0,useLocaleAuthentication
FNDA:0,(anonymous_1)
FNDA:0,(anonymous_2)
FNDA:0,(anonymous_3)
DA:5,0
DA:6,0
DA:9,0
DA:10,0
DA:12,0
DA:13,0
DA:15,0
DA:16,0
DA:18,0
DA:21,0
DA:26,0
DA:27,0
DA:32,0
DA:39,0
LF:14
LH:0
BRDA:12,0,0,0
BRDA:12,0,1,0
BRDA:26,1,0,0
BRDA:26,1,1,0
BRF:4
BRH:0
end_of_record
TN:
SF:src/hooks/store/use-get-store.ts
FN:6,useGetStore
FN:11,(anonymous_1)
FN:23,(anonymous_2)
FN:27,(anonymous_3)
FN:30,(anonymous_4)
FN:31,(anonymous_5)
FN:35,(anonymous_6)
FNF:7
FNH:0
FNDA:0,useGetStore
FNDA:0,(anonymous_1)
FNDA:0,(anonymous_2)
FNDA:0,(anonymous_3)
FNDA:0,(anonymous_4)
FNDA:0,(anonymous_5)
FNDA:0,(anonymous_6)
DA:7,0
DA:9,0
DA:11,0
DA:16,0
DA:23,0
DA:24,0
DA:27,0
DA:28,0
DA:30,0
DA:31,0
DA:35,0
DA:36,0
DA:37,0
DA:41,0
LF:14
LH:0
BRDA:24,0,0,0
BRDA:24,0,1,0
BRDA:28,1,0,0
BRDA:28,1,1,0
BRDA:36,2,0,0
BRDA:36,2,1,0
BRDA:36,3,0,0
BRDA:36,3,1,0
BRF:8
BRH:0
end_of_record
TN:
SF:src/hooks/user/use-get-data.ts
FN:7,useGetData
FN:11,(anonymous_1)
FN:28,(anonymous_2)
FNF:3
FNH:0
FNDA:0,useGetData
FNDA:0,(anonymous_1)
FNDA:0,(anonymous_2)
DA:8,0
DA:9,0
DA:11,0
DA:12,0
DA:14,0
DA:15,0
DA:17,0
DA:19,0
DA:22,0
DA:28,0
DA:29,0
DA:30,0
DA:37,0
DA:40,0
LF:14
LH:0
BRDA:15,0,0,0
BRDA:15,0,1,0
BRDA:29,1,0,0
BRDA:29,1,1,0
BRF:4
BRH:0
end_of_record
TN:
SF:src/lib/queryclient.ts
FNF:0
FNH:0
DA:2,0
LF:1
LH:0
BRF:0
BRH:0
end_of_record
TN:
SF:src/lib/utils.ts
FN:4,cn
FNF:1
FNH:0
FNDA:0,cn
DA:5,0
LF:1
LH:0
BRF:0
BRH:0
end_of_record
TN:
SF:src/lib/user/axios.ts
FNF:0
FNH:0
DA:2,0
LF:1
LH:0
BRF:0
BRH:0
end_of_record
TN:
SF:src/stores/auth/use-auth.ts
FNF:0
FNH:0
LF:0
LH:0
BRF:0
BRH:0
end_of_record
TN:
SF:src/stores/historico/use-state-navigation-historico.ts
FN:18,(anonymous_0)
FN:25,(anonymous_1)
FN:37,(anonymous_2)
FN:50,(anonymous_3)
FN:62,(anonymous_4)
FN:65,(anonymous_5)
FN:69,(anonymous_6)
FNF:7
FNH:0
FNDA:0,(anonymous_0)
FNDA:0,(anonymous_1)
FNDA:0,(anonymous_2)
FNDA:0,(anonymous_3)
FNDA:0,(anonymous_4)
FNDA:0,(anonymous_5)
FNDA:0,(anonymous_6)
DA:17,0
DA:18,0
DA:26,0
DA:28,0
DA:29,0
DA:38,0
DA:40,0
DA:41,0
DA:42,0
DA:51,0
DA:53,0
DA:54,0
DA:55,0
DA:63,0
DA:66,0
DA:67,0
DA:70,0
LF:17
LH:0
BRDA:28,0,0,0
BRDA:28,0,1,0
BRDA:28,1,0,0
BRDA:28,1,1,0
BRDA:40,2,0,0
BRDA:40,2,1,0
BRDA:53,3,0,0
BRDA:53,3,1,0
BRF:8
BRH:0
end_of_record
TN:
SF:src/stores/profile/use-state-more-details.ts
FN:10,(anonymous_0)
FN:12,(anonymous_1)
FN:13,(anonymous_2)
FN:14,(anonymous_3)
FNF:4
FNH:0
FNDA:0,(anonymous_0)
FNDA:0,(anonymous_1)
FNDA:0,(anonymous_2)
FNDA:0,(anonymous_3)
DA:10,0
DA:12,0
DA:13,0
DA:14,0
LF:4
LH:0
BRF:0
BRH:0
end_of_record
TN:
SF:src/stores/ranking/use-state-navigation.ts
FN:18,(anonymous_0)
FN:25,(anonymous_1)
FN:37,(anonymous_2)
FN:50,(anonymous_3)
FN:62,(anonymous_4)
FN:65,(anonymous_5)
FN:69,(anonymous_6)
FNF:7
FNH:0
FNDA:0,(anonymous_0)
FNDA:0,(anonymous_1)
FNDA:0,(anonymous_2)
FNDA:0,(anonymous_3)
FNDA:0,(anonymous_4)
FNDA:0,(anonymous_5)
FNDA:0,(anonymous_6)
DA:17,0
DA:18,0
DA:26,0
DA:28,0
DA:29,0
DA:38,0
DA:40,0
DA:41,0
DA:42,0
DA:51,0
DA:53,0
DA:54,0
DA:55,0
DA:63,0
DA:66,0
DA:67,0
DA:70,0
LF:17
LH:0
BRDA:28,0,0,0
BRDA:28,0,1,0
BRDA:28,1,0,0
BRDA:28,1,1,0
BRDA:40,2,0,0
BRDA:40,2,1,0
BRDA:53,3,0,0
BRDA:53,3,1,0
BRF:8
BRH:0
end_of_record
TN:
SF:src/stores/store/use-state-navigation.ts
FN:18,(anonymous_0)
FN:25,(anonymous_1)
FN:37,(anonymous_2)
FN:50,(anonymous_3)
FN:62,(anonymous_4)
FN:65,(anonymous_5)
FN:69,(anonymous_6)
FNF:7
FNH:0
FNDA:0,(anonymous_0)
FNDA:0,(anonymous_1)
FNDA:0,(anonymous_2)
FNDA:0,(anonymous_3)
FNDA:0,(anonymous_4)
FNDA:0,(anonymous_5)
FNDA:0,(anonymous_6)
DA:17,0
DA:18,0
DA:26,0
DA:28,0
DA:29,0
DA:38,0
DA:40,0
DA:41,0
DA:42,0
DA:51,0
DA:53,0
DA:54,0
DA:55,0
DA:63,0
DA:66,0
DA:67,0
DA:70,0
LF:17
LH:0
BRDA:28,0,0,0
BRDA:28,0,1,0
BRDA:28,1,0,0
BRDA:28,1,1,0
BRDA:40,2,0,0
BRDA:40,2,1,0
BRDA:53,3,0,0
BRDA:53,3,1,0
BRF:8
BRH:0
end_of_record
TN:
SF:src/styles/themes/colors.ts
FNF:0
FNH:0
DA:1,0
LF:1
LH:0
BRF:0
BRH:0
end_of_record
TN:
SF:src/styles/themes/default-theme.ts
FNF:0
FNH:0
DA:3,0
LF:1
LH:0
BRF:0
BRH:0
end_of_record
TN:
SF:src/styles/themes/font-size.ts
FNF:0
FNH:0
DA:1,0
LF:1
LH:0
BRF:0
BRH:0
end_of_record
TN:
SF:src/styles/themes/index.ts
FNF:0
FNH:0
LF:0
LH:0
BRF:0
BRH:0
end_of_record
